[ 1/2000 ]	2	0	0	1	1
[ 2/2000 ]	2	0	0	1	1
[ 3/2000 ]	2	0	0	1	1
[ 4/2000 ]	5	3	0	3	2
[ 5/2000 ]	8	3	0	3	5
[ 6/2000 ]	10	3	1	5	5
[ 7/2000 ]	13	4	1	6	7
[ 8/2000 ]	11	0	2	6	5
[ 9/2000 ]	10	0	1	5	5
[ 10/2000 ]	9	0	1	5	4
[ 11/2000 ]	9	0	0	5	4
[ 12/2000 ]	8	0	1	5	3
[ 1/2001 ]	7	0	1	5	2
[ 2/2001 ]	6	0	1	4	2
[ 3/2001 ]	9	3	0	5	4
[ 4/2001 ]	20	11	0	9	11
[ 5/2001 ]	25	10	5	10	15
[ 6/2001 ]	23	5	7	7	16
[ 7/2001 ]	26	5	2	10	16
[ 8/2001 ]	24	0	2	9	15
[ 9/2001 ]	23	0	1	9	14
[ 10/2001 ]	19	0	4	7	12
[ 11/2001 ]	14	0	5	7	7
[ 12/2001 ]	14	0	0	7	7
[ 1/2002 ]	11	0	3	5	6
[ 2/2002 ]	19	9	1	8	11
[ 3/2002 ]	31	15	3	13	18
[ 4/2002 ]	48	20	3	21	27
[ 5/2002 ]	63	20	5	28	35
[ 6/2002 ]	76	19	6	36	40
[ 7/2002 ]	88	24	12	42	46
[ 8/2002 ]	84	11	15	38	46
[ 9/2002 ]	88	12	8	42	46
[ 10/2002 ]	77	0	11	35	42
[ 11/2002 ]	70	0	7	32	38
[ 12/2002 ]	61	0	9	28	33
[ 1/2003 ]	51	0	10	23	28
[ 2/2003 ]	80	34	5	35	45
[ 3/2003 ]	120	45	5	58	62
[ 4/2003 ]	176	73	17	84	92
[ 5/2003 ]	241	80	15	124	117
[ 6/2003 ]	298	88	31	155	143
[ 7/2003 ]	332	71	37	177	155
[ 8/2003 ]	339	49	42	178	161
[ 9/2003 ]	345	39	33	178	167
[ 10/2003 ]	310	0	35	159	151
[ 11/2003 ]	269	0	41	136	133
[ 12/2003 ]	238	0	31	120	118
[ 1/2004 ]	206	0	32	103	103
[ 2/2004 ]	276	88	18	144	132
[ 3/2004 ]	351	102	27	179	172
[ 4/2004 ]	552	237	36	294	258
[ 5/2004 ]	771	287	68	395	376
[ 6/2004 ]	1004	313	80	504	500
[ 7/2004 ]	1129	252	127	568	561
[ 8/2004 ]	1118	128	139	554	564
[ 9/2004 ]	1106	117	129	545	561
[ 10/2004 ]	972	0	134	485	487
[ 11/2004 ]	859	0	113	424	435
[ 12/2004 ]	751	0	108	370	381
[ 1/2005 ]	677	0	74	337	340
[ 2/2005 ]	938	325	64	455	483
[ 3/2005 ]	1303	461	96	650	653
[ 4/2005 ]	2160	1003	146	1093	1067
[ 5/2005 ]	2928	1014	246	1459	1469
[ 6/2005 ]	3642	1062	348	1820	1822
[ 7/2005 ]	4171	971	442	2079	2092
[ 8/2005 ]	4108	428	491	2067	2041
[ 9/2005 ]	3980	382	510	1991	1989
[ 10/2005 ]	3484	0	496	1756	1728
[ 11/2005 ]	3065	0	419	1530	1535
[ 12/2005 ]	2720	0	345	1367	1353
[ 1/2006 ]	2403	0	317	1222	1181
[ 2/2006 ]	3183	1031	251	1622	1561
[ 3/2006 ]	4265	1354	272	2188	2077
[ 4/2006 ]	6988	3172	449	3506	3482
[ 5/2006 ]	9484	3310	814	4750	4734
[ 6/2006 ]	11780	3352	1056	5810	5970
[ 7/2006 ]	13550	3169	1399	6751	6799
[ 8/2006 ]	13423	1480	1607	6697	6726
[ 9/2006 ]	13177	1374	1620	6610	6567
[ 10/2006 ]	11591	0	1586	5799	5792
[ 11/2006 ]	10167	0	1424	5089	5078
[ 12/2006 ]	9020	0	1147	4487	4533
[ 1/2007 ]	8011	0	1009	3993	4018
[ 2/2007 ]	10879	3657	789	5451	5428
[ 3/2007 ]	14309	4523	1093	7191	7118
[ 4/2007 ]	23121	10301	1489	11560	11561
[ 5/2007 ]	31387	10841	2575	15791	15596
[ 6/2007 ]	38835	10953	3505	19494	19341
[ 7/2007 ]	44646	10327	4516	22354	22292
[ 8/2007 ]	44250	4874	5270	22251	21999
[ 9/2007 ]	43526	4553	5277	21888	21638
[ 10/2007 ]	38383	0	5143	19296	19087
[ 11/2007 ]	33893	0	4490	17059	16834
[ 12/2007 ]	30055	0	3838	15134	14921
[ 1/2008 ]	26725	0	3330	13434	13291
[ 2/2008 ]	35860	11831	2696	18052	17808
[ 3/2008 ]	46460	14342	3742	23289	23171
[ 4/2008 ]	74723	33155	4892	37280	37443
[ 5/2008 ]	100814	34210	8119	50407	50407
[ 6/2008 ]	124552	35262	11524	62548	62004
[ 7/2008 ]	143258	33228	14522	71888	71370
[ 8/2008 ]	142215	15644	16687	71227	70988
[ 9/2008 ]	140178	14870	16907	70212	69966
[ 10/2008 ]	123404	0	16774	61762	61642
[ 11/2008 ]	108927	0	14477	54627	54300
[ 12/2008 ]	96425	0	12502	48265	48160
[ 1/2009 ]	85770	0	10655	42846	42924
[ 2/2009 ]	114500	37529	8799	57240	57260
[ 3/2009 ]	148355	45780	11925	73842	74513
[ 4/2009 ]	239383	106388	15360	119359	120024
[ 5/2009 ]	323096	110350	26637	161579	161517
[ 6/2009 ]	399093	113136	37139	199661	199432
[ 7/2009 ]	460156	106903	45840	230125	230031
[ 8/2009 ]	456197	50357	54316	228115	228082
[ 9/2009 ]	450609	48014	53602	225227	225382
[ 10/2009 ]	397009	0	53600	198321	198688
[ 11/2009 ]	350409	0	46600	174950	175459
[ 12/2009 ]	309904	0	40505	154578	155326
[ 1/2010 ]	275599	0	34305	137321	138278
[ 2/2010 ]	368501	120956	28054	183580	184921
[ 3/2010 ]	478568	148051	37984	238696	239872
[ 4/2010 ]	771863	343017	49722	385467	386396
[ 5/2010 ]	1.04058e+006	353896	85178	519753	520828
[ 6/2010 ]	1.28536e+006	362951	118174	641958	643400
[ 7/2010 ]	1.47995e+006	342871	148278	739353	740598
[ 8/2010 ]	1.46746e+006	161745	174233	732877	734586
[ 9/2010 ]	1.44707e+006	152878	173275	722652	724414
[ 10/2010 ]	1.27555e+006	0	171517	636764	638785
[ 11/2010 ]	1.12519e+006	0	150362	561613	563574
[ 12/2010 ]	995421	0	129766	496886	498535
[ 1/2011 ]	884728	0	110693	441593	443135
[ 2/2011 ]	1.17965e+006	385809	90891	588998	590648
[ 3/2011 ]	1.53119e+006	472579	121037	765121	766067
[ 4/2011 ]	2.47265e+006	1.10046e+006	158991	1.23545e+006	1.2372e+006
[ 5/2011 ]	3.33517e+006	1.13489e+006	272377	1.66769e+006	1.66748e+006
[ 6/2011 ]	4.11631e+006	1.16147e+006	380325	2.05899e+006	2.05732e+006
[ 7/2011 ]	4.73627e+006	1.09605e+006	476093	2.36928e+006	2.367e+006
[ 8/2011 ]	4.69789e+006	517627	556014	2.34955e+006	2.34834e+006
[ 9/2011 ]	4.63296e+006	488400	553328	2.31724e+006	2.31572e+006
[ 10/2011 ]	4.08507e+006	0	547890	2.04337e+006	2.0417e+006
[ 11/2011 ]	3.6052e+006	0	479872	1.80302e+006	1.80217e+006
[ 12/2011 ]	3.19119e+006	0	414004	1.59563e+006	1.59556e+006
[ 1/2012 ]	2.83598e+006	0	355211	1.41756e+006	1.41842e+006
[ 2/2012 ]	3.78745e+006	1.24091e+006	289443	1.89453e+006	1.89292e+006
[ 3/2012 ]	4.91585e+006	1.51775e+006	389354	2.45838e+006	2.45746e+006
[ 4/2012 ]	7.92566e+006	3.52138e+006	511569	3.9628e+006	3.96286e+006
[ 5/2012 ]	1.06891e+007	3.63436e+006	870902	5.3449e+006	5.34422e+006
[ 6/2012 ]	1.31965e+007	3.72296e+006	1.21554e+006	6.59783e+006	6.59871e+006
[ 7/2012 ]	1.51839e+007	3.51371e+006	1.52636e+006	7.59204e+006	7.59185e+006
[ 8/2012 ]	1.50608e+007	1.65981e+006	1.78286e+006	7.53189e+006	7.52894e+006
[ 9/2012 ]	1.48514e+007	1.5665e+006	1.77594e+006	7.42699e+006	7.42441e+006
[ 10/2012 ]	1.3096e+007	0	1.75537e+006	6.54958e+006	6.54645e+006
[ 11/2012 ]	1.15542e+007	0	1.54186e+006	5.7788e+006	5.77537e+006
[ 12/2012 ]	1.02264e+007	0	1.32775e+006	5.11532e+006	5.11111e+006
[ 1/2013 ]	9.09018e+006	0	1.13624e+006	4.54627e+006	4.54391e+006
[ 2/2013 ]	1.21293e+007	3.97013e+006	931041	6.06537e+006	6.0639e+006
[ 3/2013 ]	1.57467e+007	4.86152e+006	1.24412e+006	7.87262e+006	7.87405e+006
[ 4/2013 ]	2.53845e+007	1.12778e+007	1.63992e+006	1.26922e+007	1.26924e+007
[ 5/2013 ]	3.4221e+007	1.163e+007	2.7935e+006	1.71092e+007	1.71118e+007
[ 6/2013 ]	4.22529e+007	1.19215e+007	3.8896e+006	2.11246e+007	2.11282e+007
[ 7/2013 ]	4.86113e+007	1.1249e+007	4.89057e+006	2.43008e+007	2.43105e+007
[ 8/2013 ]	4.8212e+007	5.31161e+006	5.7109e+006	2.4101e+007	2.4111e+007
[ 9/2013 ]	4.75429e+007	5.0118e+006	5.68087e+006	2.37656e+007	2.37773e+007
[ 10/2013 ]	4.19247e+007	0	5.61825e+006	2.0958e+007	2.09667e+007
[ 11/2013 ]	3.69919e+007	0	4.93283e+006	1.84915e+007	1.85003e+007
[ 12/2013 ]	3.27403e+007	0	4.25151e+006	1.63657e+007	1.63746e+007
[ 1/2014 ]	2.9101e+007	0	3.63938e+006	1.45455e+007	1.45554e+007
[ 2/2014 ]	3.88395e+007	1.27118e+007	2.97322e+006	1.94159e+007	1.94236e+007
[ 3/2014 ]	5.04154e+007	1.5569e+007	3.99322e+006	2.52008e+007	2.52146e+007
[ 4/2014 ]	8.12905e+007	3.6123e+007	5.24782e+006	4.06348e+007	4.06557e+007
[ 5/2014 ]	1.09615e+008	3.72723e+007	8.94786e+006	5.47955e+007	5.48195e+007
[ 6/2014 ]	1.35326e+008	3.81739e+007	1.24629e+007	6.76477e+007	6.76781e+007
[ 7/2014 ]	1.55699e+008	3.6034e+007	1.56612e+007	7.78321e+007	7.78665e+007
[ 8/2014 ]	1.54405e+008	1.7003e+007	1.82962e+007	7.71867e+007	7.72188e+007
[ 9/2014 ]	1.52264e+008	1.60547e+007	1.8196e+007	7.61154e+007	7.61488e+007
[ 10/2014 ]	1.34262e+008	0	1.80023e+007	6.71168e+007	6.71451e+007
[ 11/2014 ]	1.1847e+008	0	1.57919e+007	5.92224e+007	5.92476e+007
[ 12/2014 ]	1.04851e+008	0	1.36192e+007	5.24122e+007	5.24387e+007
[ 1/2015 ]	9.31943e+007	0	1.16565e+007	4.65853e+007	4.66091e+007
[ 2/2015 ]	1.24403e+008	4.07289e+007	9.51997e+006	6.21879e+007	6.22154e+007
[ 3/2015 ]	1.61471e+008	4.98577e+007	1.27899e+007	8.07219e+007	8.07492e+007
[ 4/2015 ]	2.60345e+008	1.15684e+008	1.68098e+007	1.30163e+008	1.30182e+008
[ 5/2015 ]	3.51051e+008	1.19365e+008	2.8659e+007	1.75518e+008	1.75533e+008
[ 6/2015 ]	4.33379e+008	1.2225e+008	3.99228e+007	2.16679e+008	2.167e+008
[ 7/2015 ]	4.98615e+008	1.15393e+008	5.01561e+007	2.49297e+008	2.49319e+008
[ 8/2015 ]	4.94483e+008	5.44602e+007	5.85929e+007	2.47231e+008	2.47252e+008
[ 9/2015 ]	4.87598e+008	5.13986e+007	5.82832e+007	2.43794e+008	2.43804e+008
[ 10/2015 ]	4.29973e+008	0	5.76255e+007	2.14981e+008	2.14991e+008
[ 11/2015 ]	3.7937e+008	0	5.06024e+007	1.89684e+008	1.89686e+008
[ 12/2015 ]	3.35783e+008	0	4.35874e+007	1.67894e+008	1.67889e+008
[ 1/2016 ]	2.98463e+008	0	3.73201e+007	1.4923e+008	1.49232e+008
[ 2/2016 ]	3.98352e+008	1.30389e+008	3.04995e+007	1.99172e+008	1.9918e+008
[ 3/2016 ]	5.17033e+008	1.59638e+008	4.09573e+007	2.58515e+008	2.58518e+008
[ 4/2016 ]	8.33581e+008	3.70371e+008	5.38224e+007	4.16779e+008	4.16802e+008
[ 5/2016 ]	1.12396e+009	3.82147e+008	9.17732e+007	5.61958e+008	5.61997e+008
[ 6/2016 ]	1.38759e+009	3.91443e+008	1.27804e+008	6.93773e+008	6.93822e+008
[ 7/2016 ]	1.59651e+009	3.69479e+008	1.60559e+008	7.9824e+008	7.98274e+008
[ 8/2016 ]	1.58332e+009	1.74361e+008	1.87553e+008	7.91637e+008	7.91686e+008
[ 9/2016 ]	1.56129e+009	1.64584e+008	1.86622e+008	7.80623e+008	7.80662e+008
[ 10/2016 ]	1.37672e+009	0	1.84564e+008	6.88337e+008	6.88384e+008
[ 11/2016 ]	1.2147e+009	0	1.62025e+008	6.07329e+008	6.07367e+008
[ 12/2016 ]	1.07513e+009	0	1.39564e+008	5.37553e+008	5.37579e+008
[ 1/2017 ]	9.55659e+008	0	1.19472e+008	4.77816e+008	4.77844e+008
[ 2/2017 ]	1.27547e+009	4.17483e+008	9.7672e+007	6.37711e+008	6.3776e+008
[ 3/2017 ]	1.65546e+009	5.11112e+008	1.31124e+008	8.27727e+008	8.27732e+008
[ 4/2017 ]	2.66901e+009	1.18586e+009	1.72316e+008	1.33449e+009	1.33451e+009
[ 5/2017 ]	3.59874e+009	1.22359e+009	2.93848e+008	1.79939e+009	1.79936e+009
[ 6/2017 ]	4.44286e+009	1.25339e+009	4.09276e+008	2.22145e+009	2.22141e+009
[ 7/2017 ]	5.1118e+009	1.18308e+009	5.14139e+008	2.55587e+009	2.55593e+009
[ 8/2017 ]	5.06955e+009	5.58316e+008	6.00568e+008	2.53478e+009	2.53477e+009
[ 9/2017 ]	4.99896e+009	5.26974e+008	5.97556e+008	2.4995e+009	2.49946e+009
[ 10/2017 ]	4.4081e+009	0	5.90866e+008	2.20408e+009	2.20402e+009
[ 11/2017 ]	3.8893e+009	0	5.188e+008	1.94468e+009	1.94461e+009
[ 12/2017 ]	3.44237e+009	0	4.46929e+008	1.7212e+009	1.72117e+009
[ 1/2018 ]	3.05985e+009	0	3.82515e+008	1.52994e+009	1.52992e+009
[ 2/2018 ]	4.08377e+009	1.3366e+009	3.12688e+008	2.04187e+009	2.0419e+009
[ 3/2018 ]	5.3004e+009	1.63645e+009	4.1982e+008	2.6502e+009	2.65021e+009
[ 4/2018 ]	8.54556e+009	3.79688e+009	5.51732e+008	4.2728e+009	4.27275e+009
[ 5/2018 ]	1.15224e+010	3.91769e+009	9.40875e+008	5.76124e+009	5.76112e+009
[ 6/2018 ]	1.42251e+010	4.01307e+009	1.31033e+009	7.11259e+009	7.11251e+009
[ 7/2018 ]	1.63667e+010	3.78782e+009	1.64619e+009	8.18341e+009	8.18332e+009
[ 8/2018 ]	1.62316e+010	1.78761e+009	1.92276e+009	8.11587e+009	8.11573e+009
[ 9/2018 ]	1.60056e+010	1.68727e+009	1.91325e+009	8.00293e+009	8.00268e+009
[ 10/2018 ]	1.41138e+010	0	1.89181e+009	7.057e+009	7.05681e+009
[ 11/2018 ]	1.24528e+010	0	1.66098e+009	6.22649e+009	6.22634e+009
[ 12/2018 ]	1.10218e+010	0	1.43099e+009	5.51097e+009	5.51086e+009
[ 1/2019 ]	9.79703e+009	0	1.22481e+009	4.89858e+009	4.89844e+009
[ 2/2019 ]	1.30755e+010	4.2797e+009	1.00122e+009	6.53779e+009	6.53772e+009
[ 3/2019 ]	1.6971e+010	5.23967e+009	1.34422e+009	8.48555e+009	8.48541e+009
[ 4/2019 ]	2.73611e+010	1.21567e+010	1.76655e+009	1.36807e+010	1.36805e+010
[ 5/2019 ]	3.68925e+010	1.25438e+010	3.01246e+009	1.84463e+010	1.84463e+010
[ 6/2019 ]	4.5546e+010	1.28488e+010	4.19533e+009	2.27729e+010	2.27731e+010
[ 7/2019 ]	5.24028e+010	1.21276e+010	5.27086e+009	2.62014e+010	2.62014e+010
[ 8/2019 ]	5.19698e+010	5.72357e+009	6.15656e+009	2.59848e+010	2.5985e+010
[ 9/2019 ]	5.12464e+010	5.40235e+009	6.12577e+009	2.56231e+010	2.56232e+010
[ 10/2019 ]	4.5189e+010	0	6.05739e+009	2.25945e+010	2.25945e+010
[ 11/2019 ]	3.98708e+010	0	5.3182e+009	1.99354e+010	1.99354e+010
[ 12/2019 ]	3.52892e+010	0	4.58155e+009	1.76447e+010	1.76446e+010
[ 1/2020 ]	3.13676e+010	0	3.92163e+009	1.56839e+010	1.56837e+010
[ 2/2020 ]	4.18647e+010	1.37026e+010	3.2055e+009	2.09323e+010	2.09323e+010
[ 3/2020 ]	5.43373e+010	1.67764e+010	4.30385e+009	2.71686e+010	2.71687e+010
[ 4/2020 ]	8.76045e+010	3.89233e+010	5.65609e+009	4.38022e+010	4.38023e+010
[ 5/2020 ]	1.18121e+011	4.01621e+010	9.64527e+009	5.90606e+010	5.90607e+010
[ 6/2020 ]	1.45828e+011	4.11391e+010	1.34324e+010	7.29142e+010	7.29138e+010
[ 7/2020 ]	1.67782e+011	3.88302e+010	1.68763e+010	8.38911e+010	8.38907e+010
[ 8/2020 ]	1.66395e+011	1.83254e+010	1.97119e+010	8.31978e+010	8.31975e+010
[ 9/2020 ]	1.64079e+011	1.72968e+010	1.96134e+010	8.20397e+010	8.2039e+010
[ 10/2020 ]	1.44685e+011	0	1.93939e+010	7.23427e+010	7.23421e+010
[ 11/2020 ]	1.27658e+011	0	1.70271e+010	6.38291e+010	6.38286e+010
[ 12/2020 ]	1.12989e+011	0	1.46691e+010	5.64945e+010	5.64941e+010
[ 1/2021 ]	1.00433e+011	0	1.25559e+010	5.02166e+010	5.02161e+010
[ 2/2021 ]	1.34042e+011	4.38726e+010	1.02632e+010	6.70211e+010	6.7021e+010
[ 3/2021 ]	1.73976e+011	5.37138e+010	1.37801e+010	8.6988e+010	8.69878e+010
[ 4/2021 ]	2.8049e+011	1.24624e+011	1.81093e+010	1.40245e+011	1.40245e+011
[ 5/2021 ]	3.78199e+011	1.28591e+011	3.0882e+010	1.891e+011	1.891e+011
[ 6/2021 ]	4.66911e+011	1.3172e+011	4.30084e+010	2.33455e+011	2.33455e+011
[ 7/2021 ]	5.37204e+011	1.24327e+011	5.40345e+010	2.68602e+011	2.68602e+011
[ 8/2021 ]	5.32765e+011	5.86746e+010	6.31137e+010	2.66382e+011	2.66383e+011
[ 9/2021 ]	5.25348e+011	5.53814e+010	6.27984e+010	2.62674e+011	2.62674e+011
[ 10/2021 ]	4.63251e+011	0	6.20962e+010	2.31626e+011	2.31626e+011
[ 11/2021 ]	4.08734e+011	0	5.45178e+010	2.04367e+011	2.04367e+011
[ 12/2021 ]	3.61766e+011	0	4.69679e+010	1.80883e+011	1.80883e+011
[ 1/2022 ]	3.21564e+011	0	4.02015e+010	1.60782e+011	1.60782e+011
[ 2/2022 ]	4.29173e+011	1.40471e+011	3.28613e+010	2.14587e+011	2.14586e+011
[ 3/2022 ]	5.57033e+011	1.7198e+011	4.41205e+010	2.78517e+011	2.78516e+011
[ 4/2022 ]	8.98072e+011	3.99021e+011	5.79822e+010	4.49036e+011	4.49036e+011
[ 5/2022 ]	1.21092e+012	4.11722e+011	9.8877e+010	6.05458e+011	6.05458e+011
[ 6/2022 ]	1.49495e+012	4.2174e+011	1.37703e+011	7.47477e+011	7.47477e+011
[ 7/2022 ]	1.72002e+012	3.98069e+011	1.73007e+011	8.60007e+011	8.60008e+011
[ 8/2022 ]	1.7058e+012	1.87864e+011	2.02077e+011	8.52901e+011	8.52901e+011
[ 9/2022 ]	1.68205e+012	1.77319e+011	2.01068e+011	8.41027e+011	8.41027e+011
[ 10/2022 ]	1.48324e+012	0	1.98818e+011	7.41618e+011	7.41618e+011
[ 11/2022 ]	1.30868e+012	0	1.74554e+011	6.5434e+011	6.54341e+011
[ 12/2022 ]	1.1583e+012	0	1.50382e+011	5.79149e+011	5.7915e+011
[ 1/2023 ]	1.02958e+012	0	1.28717e+011	5.14791e+011	5.14792e+011
[ 2/2023 ]	1.37413e+012	4.4976e+011	1.05217e+011	6.87062e+011	6.87064e+011
[ 3/2023 ]	1.78351e+012	5.50646e+011	1.41265e+011	8.91753e+011	8.91755e+011
[ 4/2023 ]	2.87544e+012	1.27758e+012	1.85648e+011	1.43772e+012	1.43772e+012
[ 5/2023 ]	3.8771e+012	1.31825e+012	3.16585e+011	1.93855e+012	1.93855e+012
[ 6/2023 ]	4.78653e+012	1.35032e+012	4.40897e+011	2.39326e+012	2.39326e+012
[ 7/2023 ]	5.50713e+012	1.27453e+012	5.53931e+011	2.75357e+012	2.75356e+012
[ 8/2023 ]	5.46162e+012	6.015e+011	6.47006e+011	2.73081e+012	2.73081e+012
[ 9/2023 ]	5.38559e+012	5.6774e+011	6.43776e+011	2.69279e+012	2.69279e+012
[ 10/2023 ]	4.74901e+012	0	6.36576e+011	2.3745e+012	2.37451e+012
[ 11/2023 ]	4.19012e+012	0	5.58887e+011	2.09506e+012	2.09506e+012
[ 12/2023 ]	3.70863e+012	0	4.81492e+011	1.85432e+012	1.85432e+012
[ 1/2024 ]	3.29651e+012	0	4.12124e+011	1.64825e+012	1.64825e+012
[ 2/2024 ]	4.39967e+012	1.44004e+012	3.36878e+011	2.19983e+012	2.19983e+012
[ 3/2024 ]	5.71042e+012	1.76306e+012	4.52301e+011	2.85521e+012	2.85521e+012
[ 4/2024 ]	9.20657e+012	4.09055e+012	5.94404e+011	4.60328e+012	4.60329e+012
[ 5/2024 ]	1.24137e+013	4.22075e+012	1.01364e+012	6.20684e+012	6.20684e+012
[ 6/2024 ]	1.53255e+013	4.32344e+012	1.41166e+012	7.66273e+012	7.66273e+012
[ 7/2024 ]	1.76327e+013	4.08079e+012	1.77357e+012	8.81634e+012	8.81634e+012
[ 8/2024 ]	1.7487e+013	1.92587e+012	2.07158e+012	8.74348e+012	8.74349e+012
[ 9/2024 ]	1.72435e+013	1.81778e+012	2.06124e+012	8.62176e+012	8.62176e+012
[ 10/2024 ]	1.52053e+013	0	2.03818e+012	7.60267e+012	7.60267e+012
[ 11/2024 ]	1.34159e+013	0	1.78944e+012	6.70795e+012	6.70795e+012
[ 12/2024 ]	1.18743e+013	0	1.54164e+012	5.93713e+012	5.93713e+012
[ 1/2025 ]	1.05547e+013	0	1.31954e+012	5.27736e+012	5.27736e+012
[ 2/2025 ]	1.40868e+013	4.61069e+012	1.07861e+012	7.0434e+012	7.0434e+012
[ 3/2025 ]	1.82836e+013	5.64493e+012	1.44817e+012	9.14178e+012	9.14178e+012
[ 4/2025 ]	2.94775e+013	1.30971e+013	1.90316e+012	1.47387e+013	1.47387e+013
[ 5/2025 ]	3.9746e+013	1.35139e+013	3.24546e+012	1.9873e+013	1.9873e+013
[ 6/2025 ]	4.90689e+013	1.38428e+013	4.51985e+012	2.45344e+013	2.45344e+013
[ 7/2025 ]	5.64561e+013	1.30658e+013	5.6786e+012	2.8228e+013	2.82281e+013
[ 8/2025 ]	5.59896e+013	6.16625e+012	6.63276e+012	2.79948e+013	2.79948e+013
[ 9/2025 ]	5.52101e+013	5.82016e+012	6.59965e+012	2.7605e+013	2.76051e+013
[ 10/2025 ]	4.86843e+013	0	6.52583e+012	2.43421e+013	2.43421e+013
[ 11/2025 ]	4.29549e+013	0	5.7294e+012	2.14774e+013	2.14774e+013
[ 12/2025 ]	3.80189e+013	0	4.936e+012	1.90094e+013	1.90094e+013
[ 1/2026 ]	3.3794e+013	0	4.22487e+012	1.6897e+013	1.6897e+013
[ 2/2026 ]	4.5103e+013	1.47625e+013	3.4535e+012	2.25515e+013	2.25515e+013
[ 3/2026 ]	5.85401e+013	1.80739e+013	4.63673e+012	2.92701e+013	2.92701e+013
[ 4/2026 ]	9.43807e+013	4.19341e+013	6.09352e+012	4.71904e+013	4.71904e+013
[ 5/2026 ]	1.27258e+014	4.32688e+013	1.03913e+013	6.36291e+013	6.36291e+013
[ 6/2026 ]	1.57108e+014	4.43216e+013	1.44716e+013	7.85541e+013	7.85541e+013
[ 7/2026 ]	1.80761e+014	4.1834e+013	1.81817e+013	9.03803e+013	9.03803e+013
[ 8/2026 ]	1.79267e+014	1.9743e+013	2.12367e+013	8.96334e+013	8.96334e+013
[ 9/2026 ]	1.76771e+014	1.86349e+013	2.11307e+013	8.83856e+013	8.83856e+013
[ 10/2026 ]	1.55877e+014	0	2.08943e+013	7.79384e+013	7.79384e+013
[ 11/2026 ]	1.37532e+014	0	1.83444e+013	6.87662e+013	6.87662e+013
[ 12/2026 ]	1.21728e+014	0	1.5804e+013	6.08642e+013	6.08642e+013
[ 1/2027 ]	1.08201e+014	0	1.35272e+013	5.41007e+013	5.41007e+013
[ 2/2027 ]	1.4441e+014	4.72663e+013	1.10574e+013	7.22051e+013	7.22051e+013
[ 3/2027 ]	1.87433e+014	5.78687e+013	1.48459e+013	9.37166e+013	9.37166e+013
[ 4/2027 ]	3.02187e+014	1.34264e+014	1.95102e+013	1.51094e+014	1.51094e+014
[ 5/2027 ]	4.07454e+014	1.38538e+014	3.32707e+013	2.03727e+014	2.03727e+014
[ 6/2027 ]	5.03027e+014	1.41908e+014	4.6335e+013	2.51514e+014	2.51514e+014
[ 7/2027 ]	5.78757e+014	1.33944e+014	5.82139e+013	2.89379e+014	2.89379e+014
[ 8/2027 ]	5.73975e+014	6.3213e+013	6.79955e+013	2.86987e+014	2.86987e+014
[ 9/2027 ]	5.65984e+014	5.96651e+013	6.7656e+013	2.82992e+014	2.82992e+014
[ 10/2027 ]	4.99085e+014	0	6.68992e+013	2.49542e+014	2.49542e+014
[ 11/2027 ]	4.4035e+014	0	5.87347e+013	2.20175e+014	2.20175e+014
[ 12/2027 ]	3.89749e+014	0	5.06011e+013	1.94874e+014	1.94874e+014
[ 1/2028 ]	3.46438e+014	0	4.33111e+013	1.73219e+014	1.73219e+014
[ 2/2028 ]	4.62371e+014	1.51337e+014	3.54034e+013	2.31186e+014	2.31186e+014
[ 3/2028 ]	6.00121e+014	1.85283e+014	4.75333e+013	3.00061e+014	3.00061e+014
[ 4/2028 ]	9.67539e+014	4.29886e+014	6.24674e+013	4.8377e+014	4.8377e+014
[ 5/2028 ]	1.30458e+015	4.43568e+014	1.06526e+014	6.52291e+014	6.52291e+014
[ 6/2028 ]	1.61059e+015	4.54361e+014	1.48355e+014	8.05294e+014	8.05294e+014
[ 7/2028 ]	1.85306e+015	4.28859e+014	1.86389e+014	9.26529e+014	9.26529e+014
[ 8/2028 ]	1.83775e+015	2.02395e+014	2.17707e+014	9.18873e+014	9.18873e+014
[ 9/2028 ]	1.81216e+015	1.91035e+014	2.1662e+014	9.0608e+014	9.0608e+014
[ 10/2028 ]	1.59796e+015	0	2.14197e+014	7.98982e+014	7.98982e+014
[ 11/2028 ]	1.40991e+015	0	1.88056e+014	7.04954e+014	7.04954e+014
[ 12/2028 ]	1.24789e+015	0	1.62014e+014	6.23947e+014	6.23947e+014
[ 1/2029 ]	1.10922e+015	0	1.38673e+014	5.5461e+014	5.5461e+014
[ 2/2029 ]	1.48041e+015	4.84549e+014	1.13354e+014	7.40208e+014	7.40207e+014
[ 3/2029 ]	1.92146e+015	5.93239e+014	1.52192e+014	9.60731e+014	9.60731e+014
[ 4/2029 ]	3.09786e+015	1.3764e+015	2.00008e+014	1.54893e+015	1.54893e+015
[ 5/2029 ]	4.177e+015	1.42021e+015	3.41073e+014	2.0885e+015	2.0885e+015
[ 6/2029 ]	5.15676e+015	1.45477e+015	4.75001e+014	2.57838e+015	2.57838e+015
[ 7/2029 ]	5.9331e+015	1.37312e+015	5.96777e+014	2.96655e+015	2.96655e+015
[ 8/2029 ]	5.88408e+015	6.48025e+014	6.97052e+014	2.94204e+015	2.94204e+015
[ 9/2029 ]	5.80216e+015	6.11654e+014	6.93572e+014	2.90108e+015	2.90108e+015
[ 10/2029 ]	5.11634e+015	0	6.85814e+014	2.55817e+015	2.55817e+015
[ 11/2029 ]	4.51423e+015	0	6.02116e+014	2.25711e+015	2.25711e+015
[ 12/2029 ]	3.99549e+015	0	5.18735e+014	1.99775e+015	1.99775e+015
[ 1/2030 ]	3.55149e+015	0	4.44002e+014	1.77575e+015	1.77575e+015
[ 2/2030 ]	4.73998e+015	1.55142e+015	3.62936e+014	2.36999e+015	2.36999e+015
[ 3/2030 ]	6.15212e+015	1.89942e+015	4.87285e+014	3.07606e+015	3.07606e+015
[ 4/2030 ]	9.91869e+015	4.40695e+015	6.40382e+014	4.95934e+015	4.95934e+015
[ 5/2030 ]	1.33739e+016	4.54722e+015	1.09204e+015	6.68693e+015	6.68693e+015
[ 6/2030 ]	1.65109e+016	4.65786e+015	1.52085e+015	8.25543e+015	8.25543e+015
[ 7/2030 ]	1.89965e+016	4.39643e+015	1.91075e+015	9.49827e+015	9.49827e+015
[ 8/2030 ]	1.88396e+016	2.07484e+015	2.23181e+015	9.41978e+015	9.41978e+015
[ 9/2030 ]	1.85773e+016	1.95839e+015	2.22067e+015	9.28864e+015	9.28864e+015
[ 10/2030 ]	1.63815e+016	0	2.19583e+015	8.19073e+015	8.19073e+015
[ 11/2030 ]	1.44536e+016	0	1.92785e+015	7.2268e+015	7.2268e+015
[ 12/2030 ]	1.27927e+016	0	1.66088e+015	6.39636e+015	6.39636e+015
[ 1/2031 ]	1.13711e+016	0	1.4216e+015	5.68556e+015	5.68556e+015
[ 2/2031 ]	1.51764e+016	4.96733e+015	1.16205e+015	7.5882e+015	7.5882e+015
[ 3/2031 ]	1.96978e+016	6.08156e+015	1.56018e+015	9.84889e+015	9.84889e+015
[ 4/2031 ]	3.17575e+016	1.41101e+016	2.05037e+015	1.58788e+016	1.58788e+016
[ 5/2031 ]	4.28203e+016	1.45592e+016	3.4965e+015	2.14101e+016	2.14101e+016
[ 6/2031 ]	5.28643e+016	1.49135e+016	4.86945e+015	2.64322e+016	2.64322e+016
[ 7/2031 ]	6.08229e+016	1.40764e+016	6.11783e+015	3.04115e+016	3.04115e+016
[ 8/2031 ]	6.03203e+016	6.6432e+015	7.1458e+015	3.01602e+016	3.01602e+016
[ 9/2031 ]	5.94805e+016	6.27034e+015	7.11012e+015	2.97403e+016	2.97403e+016
[ 10/2031 ]	5.245e+016	0	7.03059e+015	2.6225e+016	2.6225e+016
[ 11/2031 ]	4.62774e+016	0	6.17257e+015	2.31387e+016	2.31387e+016
[ 12/2031 ]	4.09596e+016	0	5.31779e+015	2.04798e+016	2.04798e+016
[ 1/2032 ]	3.64079e+016	0	4.55166e+015	1.8204e+016	1.8204e+016
[ 2/2032 ]	4.85917e+016	1.59043e+016	3.72062e+015	2.42958e+016	2.42958e+016
[ 3/2032 ]	6.30681e+016	1.94719e+016	4.99538e+015	3.15341e+016	3.15341e+016
[ 4/2032 ]	1.01681e+017	4.51777e+016	6.56485e+015	5.08405e+016	5.08405e+016
[ 5/2032 ]	1.37102e+017	4.66156e+016	1.1195e+016	6.85508e+016	6.85508e+016
[ 6/2032 ]	1.6926e+017	4.77498e+016	1.5591e+016	8.46302e+016	8.46302e+016
[ 7/2032 ]	1.94742e+017	4.50698e+016	1.9588e+016	9.73711e+016	9.73711e+016
[ 8/2032 ]	1.93133e+017	2.12701e+016	2.28793e+016	9.65665e+016	9.65665e+016
[ 9/2032 ]	1.90444e+017	2.00763e+016	2.27651e+016	9.52221e+016	9.52221e+016
[ 10/2032 ]	1.67934e+017	0	2.25105e+016	8.39669e+016	8.39669e+016
[ 11/2032 ]	1.4817e+017	0	1.97633e+016	7.40852e+016	7.40852e+016
[ 12/2032 ]	1.31144e+017	0	1.70264e+016	6.5572e+016	6.5572e+016
[ 1/2033 ]	1.16571e+017	0	1.45735e+016	5.82853e+016	5.82853e+016
[ 2/2033 ]	1.5558e+017	5.09223e+016	1.19127e+016	7.77901e+016	7.77901e+016
[ 3/2033 ]	2.01931e+017	6.23448e+016	1.59942e+016	1.00965e+017	1.00965e+017
[ 4/2033 ]	3.25561e+017	1.44649e+017	2.10193e+016	1.62781e+017	1.62781e+017
[ 5/2033 ]	4.3897e+017	1.49253e+017	3.58442e+016	2.19485e+017	2.19485e+017
[ 6/2033 ]	5.41936e+017	1.52885e+017	4.99189e+016	2.70968e+017	2.70968e+017
[ 7/2033 ]	6.23523e+017	1.44304e+017	6.27167e+016	3.11762e+017	3.11762e+017
[ 8/2033 ]	6.18371e+017	6.81024e+016	7.32548e+016	3.09186e+017	3.09186e+017
[ 9/2033 ]	6.09762e+017	6.42802e+016	7.28891e+016	3.04881e+017	3.04881e+017
[ 10/2033 ]	5.37688e+017	0	7.20738e+016	2.68844e+017	2.68844e+017
[ 11/2033 ]	4.74411e+017	0	6.32778e+016	2.37205e+017	2.37205e+017
[ 12/2033 ]	4.19895e+017	0	5.4515e+016	2.09948e+017	2.09948e+017
[ 1/2034 ]	3.73234e+017	0	4.66612e+016	1.86617e+017	1.86617e+017
[ 2/2034 ]	4.98135e+017	1.63043e+017	3.81418e+016	2.49068e+017	2.49068e+017
[ 3/2034 ]	6.4654e+017	1.99615e+017	5.12099e+016	3.2327e+017	3.2327e+017
[ 4/2034 ]	1.04238e+018	4.63137e+017	6.72992e+016	5.21189e+017	5.21189e+017
[ 5/2034 ]	1.40549e+018	4.77878e+017	1.14765e+017	7.02745e+017	7.02745e+017
[ 6/2034 ]	1.73516e+018	4.89505e+017	1.5983e+017	8.67582e+017	8.67582e+017
[ 7/2034 ]	1.99639e+018	4.62031e+017	2.00806e+017	9.98195e+017	9.98195e+017
[ 8/2034 ]	1.97989e+018	2.1805e+017	2.34546e+017	9.89947e+017	9.89947e+017
[ 9/2034 ]	1.95233e+018	2.05811e+017	2.33376e+017	9.76165e+017	9.76165e+017
[ 10/2034 ]	1.72156e+018	0	2.30765e+017	8.60782e+017	8.60782e+017
[ 11/2034 ]	1.51896e+018	0	2.02602e+017	7.59481e+017	7.59481e+017
[ 12/2034 ]	1.34442e+018	0	1.74546e+017	6.72208e+017	6.72208e+017
[ 1/2035 ]	1.19502e+018	0	1.49399e+017	5.97509e+017	5.97509e+017
[ 2/2035 ]	1.59492e+018	5.22028e+017	1.22122e+017	7.97462e+017	7.97462e+017
[ 3/2035 ]	2.07009e+018	6.39125e+017	1.63963e+017	1.03504e+018	1.03504e+018
[ 4/2035 ]	3.33747e+018	1.48287e+018	2.15478e+017	1.66874e+018	1.66874e+018
[ 5/2035 ]	4.50008e+018	1.53006e+018	3.67455e+017	2.25004e+018	2.25004e+018
[ 6/2035 ]	5.55563e+018	1.56729e+018	5.11742e+017	2.77782e+018	2.77782e+018
[ 7/2035 ]	6.39202e+018	1.47933e+018	6.42937e+017	3.19601e+018	3.19601e+018
[ 8/2035 ]	6.3392e+018	6.98149e+017	7.50968e+017	3.1696e+018	3.1696e+018
[ 9/2035 ]	6.25095e+018	6.58965e+017	7.47219e+017	3.12547e+018	3.12547e+018
[ 10/2035 ]	5.51209e+018	0	7.38861e+017	2.75604e+018	2.75604e+018
[ 11/2035 ]	4.8634e+018	0	6.48689e+017	2.4317e+018	2.4317e+018
[ 12/2035 ]	4.30454e+018	0	5.58858e+017	2.15227e+018	2.15227e+018
[ 1/2036 ]	3.82619e+018	0	4.78345e+017	1.9131e+018	1.9131e+018
[ 2/2036 ]	5.10661e+018	1.67142e+018	3.91009e+017	2.5533e+018	2.5533e+018
[ 3/2036 ]	6.62798e+018	2.04634e+018	5.24976e+017	3.31399e+018	3.31399e+018
[ 4/2036 ]	1.06859e+019	4.74783e+018	6.89915e+017	5.34294e+018	5.34294e+018
[ 5/2036 ]	1.44083e+019	4.89894e+018	1.17651e+018	7.20416e+018	7.20416e+018
[ 6/2036 ]	1.7788e+019	5.01814e+018	1.63849e+018	8.89398e+018	8.89398e+018
[ 7/2036 ]	2.04659e+019	4.73649e+018	2.05855e+018	1.0233e+019	1.0233e+019
[ 8/2036 ]	2.02968e+019	2.23533e+018	2.40444e+018	1.01484e+019	1.01484e+019
[ 9/2036 ]	2.00142e+019	2.10987e+018	2.39244e+018	1.00071e+019	1.00071e+019
[ 10/2036 ]	1.76485e+019	0	2.36568e+018	8.82427e+018	8.82427e+018
[ 11/2036 ]	1.55716e+019	0	2.07697e+018	7.78579e+018	7.78579e+018
[ 12/2036 ]	1.37822e+019	0	1.78935e+018	6.89111e+018	6.89111e+018
[ 1/2037 ]	1.22507e+019	0	1.53156e+018	6.12533e+018	6.12533e+018
[ 2/2037 ]	1.63503e+019	5.35155e+018	1.25193e+018	8.17514e+018	8.17514e+018
[ 3/2037 ]	2.12214e+019	6.55196e+018	1.68086e+018	1.06107e+019	1.06107e+019
[ 4/2037 ]	3.4214e+019	1.52015e+019	2.20896e+018	1.7107e+019	1.7107e+019
[ 5/2037 ]	4.61324e+019	1.56854e+019	3.76695e+018	2.30662e+019	2.30662e+019
[ 6/2037 ]	5.69533e+019	1.6067e+019	5.2461e+018	2.84767e+019	2.84767e+019
[ 7/2037 ]	6.55275e+019	1.51652e+019	6.59104e+018	3.27638e+019	3.27638e+019
[ 8/2037 ]	6.4986e+019	7.15704e+018	7.69852e+018	3.2493e+019	3.2493e+019
[ 9/2037 ]	6.40813e+019	6.75535e+018	7.66008e+018	3.20407e+019	3.20407e+019
[ 10/2037 ]	5.65069e+019	0	7.5744e+018	2.82535e+019	2.82535e+019
[ 11/2037 ]	4.98569e+019	0	6.65001e+018	2.49284e+019	2.49284e+019
[ 12/2037 ]	4.41278e+019	0	5.72911e+018	2.20639e+019	2.20639e+019
[ 1/2038 ]	3.92241e+019	0	4.90373e+018	1.9612e+019	1.9612e+019
[ 2/2038 ]	5.23502e+019	1.71345e+019	4.00841e+018	2.61751e+019	2.61751e+019
[ 3/2038 ]	6.79464e+019	2.0978e+019	5.38177e+018	3.39732e+019	3.39732e+019
[ 4/2038 ]	1.09546e+020	4.86721e+019	7.07263e+018	5.47729e+019	5.47729e+019
[ 5/2038 ]	1.47706e+020	5.02213e+019	1.2061e+019	7.38531e+019	7.38531e+019
[ 6/2038 ]	1.82352e+020	5.14432e+019	1.67969e+019	9.11762e+019	9.11762e+019
[ 7/2038 ]	2.09805e+020	4.85559e+019	2.11031e+019	1.04903e+020	1.04903e+020
[ 8/2038 ]	2.08072e+020	2.29153e+019	2.4649e+019	1.04036e+020	1.04036e+020
[ 9/2038 ]	2.05175e+020	2.16292e+019	2.4526e+019	1.02587e+020	1.02587e+020
[ 10/2038 ]	1.80923e+020	0	2.42516e+019	9.04616e+019	9.04616e+019
[ 11/2038 ]	1.59631e+020	0	2.12919e+019	7.98156e+019	7.98156e+019
[ 12/2038 ]	1.41288e+020	0	1.83434e+019	7.06439e+019	7.06439e+019
[ 1/2039 ]	1.25587e+020	0	1.57007e+019	6.27936e+019	6.27936e+019
[ 2/2039 ]	1.67614e+020	5.48611e+019	1.28341e+019	8.38071e+019	8.38071e+019
[ 3/2039 ]	2.1755e+020	6.71671e+019	1.72313e+019	1.08775e+020	1.08775e+020
[ 4/2039 ]	3.50743e+020	1.55838e+020	2.26451e+019	1.75371e+020	1.75371e+020
[ 5/2039 ]	4.72924e+020	1.60798e+020	3.86167e+019	2.36462e+020	2.36462e+020
[ 6/2039 ]	5.83854e+020	1.6471e+020	5.37801e+019	2.91927e+020	2.91927e+020
[ 7/2039 ]	6.71752e+020	1.55466e+020	6.75678e+019	3.35876e+020	3.35876e+020
[ 8/2039 ]	6.66201e+020	7.33701e+019	7.8921e+019	3.33101e+020	3.33101e+020
[ 9/2039 ]	6.56927e+020	6.92522e+019	7.8527e+019	3.28463e+020	3.28463e+020
[ 10/2039 ]	5.79278e+020	0	7.76486e+019	2.89639e+020	2.89639e+020
[ 11/2039 ]	5.11106e+020	0	6.81723e+019	2.55553e+020	2.55553e+020
[ 12/2039 ]	4.52374e+020	0	5.87317e+019	2.26187e+020	2.26187e+020
[ 1/2040 ]	4.02104e+020	0	5.02703e+019	2.01052e+020	2.01052e+020
[ 2/2040 ]	5.36665e+020	1.75654e+020	4.1092e+019	2.68333e+020	2.68333e+020
[ 3/2040 ]	6.96549e+020	2.15055e+020	5.5171e+019	3.48275e+020	3.48275e+020
[ 4/2040 ]	1.123e+021	4.9896e+020	7.25047e+019	5.61502e+020	5.61502e+020
[ 5/2040 ]	1.5142e+021	5.14841e+020	1.23642e+020	7.57102e+020	7.57102e+020
[ 6/2040 ]	1.86938e+021	5.27368e+020	1.72193e+020	9.34689e+020	9.34689e+020
[ 7/2040 ]	2.15081e+021	4.97769e+020	2.16338e+020	1.0754e+021	1.0754e+021
[ 8/2040 ]	2.13304e+021	2.34916e+020	2.52688e+020	1.06652e+021	1.06652e+021
[ 9/2040 ]	2.10334e+021	2.21731e+020	2.51427e+020	1.05167e+021	1.05167e+021
[ 10/2040 ]	1.85473e+021	0	2.48614e+020	9.27363e+020	9.27363e+020
[ 11/2040 ]	1.63645e+021	0	2.18273e+020	8.18226e+020	8.18226e+020
[ 12/2040 ]	1.44841e+021	0	1.88047e+020	7.24203e+020	7.24203e+020
[ 1/2041 ]	1.28745e+021	0	1.60955e+020	6.43725e+020	6.43725e+020
[ 2/2041 ]	1.71829e+021	5.62406e+020	1.31568e+020	8.59145e+020	8.59145e+020
[ 3/2041 ]	2.2302e+021	6.88561e+020	1.76646e+020	1.1151e+021	1.1151e+021
[ 4/2041 ]	3.59562e+021	1.59756e+021	2.32145e+020	1.79781e+021	1.79781e+021
[ 5/2041 ]	4.84816e+021	1.64841e+021	3.95877e+020	2.42408e+021	2.42408e+021
[ 6/2041 ]	5.98535e+021	1.68852e+021	5.51324e+020	2.99268e+021	2.99268e+021
[ 7/2041 ]	6.88644e+021	1.59375e+021	6.92668e+020	3.44322e+021	3.44322e+021
[ 8/2041 ]	6.82953e+021	7.5215e+020	8.09055e+020	3.41477e+021	3.41477e+021
[ 9/2041 ]	6.73445e+021	7.09935e+020	8.05016e+020	3.36723e+021	3.36723e+021
[ 10/2041 ]	5.93844e+021	0	7.96011e+020	2.96922e+021	2.96922e+021
[ 11/2041 ]	5.23958e+021	0	6.98865e+020	2.61979e+021	2.61979e+021
[ 12/2041 ]	4.63749e+021	0	6.02086e+020	2.31875e+021	2.31875e+021
[ 1/2042 ]	4.12215e+021	0	5.15344e+020	2.06107e+021	2.06107e+021
[ 2/2042 ]	5.5016e+021	1.80071e+021	4.21253e+020	2.7508e+021	2.7508e+021
[ 3/2042 ]	7.14064e+021	2.20463e+021	5.65582e+020	3.57032e+021	3.57032e+021
[ 4/2042 ]	1.15124e+022	5.11506e+021	7.43279e+020	5.75621e+021	5.75621e+021
[ 5/2042 ]	1.55228e+022	5.27787e+021	1.26751e+021	7.76139e+021	7.76139e+021
[ 6/2042 ]	1.91638e+022	5.40629e+021	1.76522e+021	9.58192e+021	9.58192e+021
[ 7/2042 ]	2.20489e+022	5.10285e+021	2.21778e+021	1.10245e+022	1.10245e+022
[ 8/2042 ]	2.18667e+022	2.40823e+021	2.59042e+021	1.09334e+022	1.09334e+022
[ 9/2042 ]	2.15623e+022	2.27306e+021	2.57749e+021	1.07811e+022	1.07811e+022
[ 10/2042 ]	1.90136e+022	0	2.54866e+021	9.50682e+021	9.50682e+021
[ 11/2042 ]	1.6776e+022	0	2.23762e+021	8.38801e+021	8.38801e+021
[ 12/2042 ]	1.48483e+022	0	1.92775e+021	7.42413e+021	7.42413e+021
[ 1/2043 ]	1.31982e+022	0	1.65002e+021	6.59912e+021	6.59912e+021
[ 2/2043 ]	1.7615e+022	5.76548e+021	1.34876e+021	8.80748e+021	8.80748e+021
[ 3/2043 ]	2.28628e+022	7.05875e+021	1.81088e+021	1.14314e+022	1.14314e+022
[ 4/2043 ]	3.68604e+022	1.63774e+022	2.37982e+021	1.84302e+022	1.84302e+022
[ 5/2043 ]	4.97007e+022	1.68986e+022	4.05831e+021	2.48503e+022	2.48503e+022
[ 6/2043 ]	6.13586e+022	1.73098e+022	5.65188e+021	3.06793e+022	3.06793e+022
[ 7/2043 ]	7.0596e+022	1.63383e+022	7.10085e+021	3.5298e+022	3.5298e+022
[ 8/2043 ]	7.00126e+022	7.71063e+021	8.29399e+021	3.50063e+022	3.50063e+022
[ 9/2043 ]	6.90379e+022	7.27787e+021	8.25258e+021	3.4519e+022	3.4519e+022
[ 10/2043 ]	6.08777e+022	0	8.16027e+021	3.04388e+022	3.04388e+022
[ 11/2043 ]	5.37133e+022	0	7.16438e+021	2.68566e+022	2.68566e+022
[ 12/2043 ]	4.7541e+022	0	6.17225e+021	2.37705e+022	2.37705e+022
[ 1/2044 ]	4.2258e+022	0	5.28303e+021	2.1129e+022	2.1129e+022
[ 2/2044 ]	5.63994e+022	1.84599e+022	4.31846e+021	2.81997e+022	2.81997e+022
[ 3/2044 ]	7.3202e+022	2.26006e+022	5.79804e+021	3.6601e+022	3.6601e+022
[ 4/2044 ]	1.18019e+023	5.24369e+022	7.61969e+021	5.90096e+022	5.90096e+022
[ 5/2044 ]	1.59131e+023	5.41058e+022	1.29939e+022	7.95655e+022	7.95655e+022
[ 6/2044 ]	1.96457e+023	5.54223e+022	1.80961e+022	9.82286e+022	9.82286e+022
[ 7/2044 ]	2.26034e+023	5.23117e+022	2.27354e+022	1.13017e+023	1.13017e+023
[ 8/2044 ]	2.24166e+023	2.46878e+022	2.65556e+022	1.12083e+023	1.12083e+023
[ 9/2044 ]	2.21045e+023	2.33022e+022	2.6423e+022	1.10522e+023	1.10522e+023
[ 10/2044 ]	1.94917e+023	0	2.61275e+022	9.74587e+022	9.74587e+022
[ 11/2044 ]	1.71979e+023	0	2.29388e+022	8.59893e+022	8.59893e+022
[ 12/2044 ]	1.52216e+023	0	1.97623e+022	7.61082e+022	7.61082e+022
[ 1/2045 ]	1.35301e+023	0	1.69151e+022	6.76506e+022	6.76506e+022
[ 2/2045 ]	1.80579e+023	5.91046e+022	1.38268e+022	9.02895e+022	9.02895e+022
[ 3/2045 ]	2.34377e+023	7.23624e+022	1.85641e+022	1.17189e+023	1.17189e+023
[ 4/2045 ]	3.77872e+023	1.67892e+023	2.43966e+022	1.88936e+023	1.88936e+023
[ 5/2045 ]	5.09504e+023	1.73235e+023	4.16036e+022	2.54752e+023	2.54752e+023
[ 6/2045 ]	6.29015e+023	1.7745e+023	5.794e+022	3.14507e+023	3.14507e+023
[ 7/2045 ]	7.23712e+023	1.67491e+023	7.27941e+022	3.61856e+023	3.61856e+023
[ 8/2045 ]	7.17731e+023	7.90452e+022	8.50254e+022	3.58866e+023	3.58866e+023
[ 9/2045 ]	7.07739e+023	7.46087e+022	8.4601e+022	3.5387e+023	3.5387e+023
[ 10/2045 ]	6.24084e+023	0	8.36547e+022	3.12042e+023	3.12042e+023
[ 11/2045 ]	5.50639e+023	0	7.34453e+022	2.7532e+023	2.7532e+023
[ 12/2045 ]	4.87365e+023	0	6.32746e+022	2.43682e+023	2.43682e+023
[ 1/2046 ]	4.33206e+023	0	5.41587e+022	2.16603e+023	2.16603e+023
[ 2/2046 ]	5.78176e+023	1.8924e+023	4.42705e+022	2.89088e+023	2.89088e+023
[ 3/2046 ]	7.50427e+023	2.31689e+023	5.94384e+022	3.75213e+023	3.75213e+023
[ 4/2046 ]	1.20987e+024	5.37554e+023	7.81129e+022	6.04934e+023	6.04934e+023
[ 5/2046 ]	1.63133e+024	5.54663e+023	1.33206e+023	8.15663e+023	8.15663e+023
[ 6/2046 ]	2.01397e+024	5.68159e+023	1.85512e+023	1.00699e+024	1.00699e+024
[ 7/2046 ]	2.31717e+024	5.36271e+023	2.33071e+023	1.15859e+024	1.15859e+024
[ 8/2046 ]	2.29802e+024	2.53086e+023	2.72234e+023	1.14901e+024	1.14901e+024
[ 9/2046 ]	2.26603e+024	2.38881e+023	2.70875e+023	1.13302e+024	1.13302e+024
[ 10/2046 ]	1.99819e+024	0	2.67845e+023	9.99093e+023	9.99093e+023
[ 11/2046 ]	1.76303e+024	0	2.35156e+023	8.81515e+023	8.81515e+023
[ 12/2046 ]	1.56044e+024	0	2.02592e+023	7.80219e+023	7.80219e+023
[ 1/2047 ]	1.38703e+024	0	1.73405e+023	6.93517e+023	6.93517e+023
[ 2/2047 ]	1.8512e+024	6.05908e+023	1.41745e+023	9.25599e+023	9.25599e+023
[ 3/2047 ]	2.40271e+024	7.4182e+023	1.90309e+023	1.20135e+024	1.20135e+024
[ 4/2047 ]	3.87374e+024	1.72113e+024	2.50101e+023	1.93687e+024	1.93687e+024
[ 5/2047 ]	5.22316e+024	1.77592e+024	4.26498e+023	2.61158e+024	2.61158e+024
[ 6/2047 ]	6.44832e+024	1.81913e+024	5.93969e+023	3.22416e+024	3.22416e+024
[ 7/2047 ]	7.4191e+024	1.71703e+024	7.46245e+023	3.70955e+024	3.70955e+024
[ 8/2047 ]	7.35779e+024	8.10328e+023	8.71634e+023	3.6789e+024	3.6789e+024
[ 9/2047 ]	7.25535e+024	7.64848e+023	8.67283e+023	3.62768e+024	3.62768e+024
[ 10/2047 ]	6.39777e+024	0	8.57582e+023	3.19889e+024	3.19889e+024
[ 11/2047 ]	5.64485e+024	0	7.52921e+023	2.82243e+024	2.82243e+024
[ 12/2047 ]	4.9962e+024	0	6.48656e+023	2.4981e+024	2.4981e+024
[ 1/2048 ]	4.44099e+024	0	5.55205e+023	2.2205e+024	2.2205e+024
[ 2/2048 ]	5.92714e+024	1.93999e+024	4.53837e+023	2.96357e+024	2.96357e+024
[ 3/2048 ]	7.69296e+024	2.37515e+024	6.0933e+023	3.84648e+024	3.84648e+024
[ 4/2048 ]	1.24029e+025	5.51071e+024	8.00771e+023	6.20145e+024	6.20145e+024
[ 5/2048 ]	1.67235e+025	5.68611e+024	1.36556e+024	8.36173e+024	8.36173e+024
[ 6/2048 ]	2.06461e+025	5.82446e+024	1.90176e+024	1.03231e+025	1.03231e+025
[ 7/2048 ]	2.37544e+025	5.49755e+024	2.38932e+024	1.18772e+025	1.18772e+025
[ 8/2048 ]	2.35581e+025	2.5945e+024	2.79079e+024	1.1779e+025	1.1779e+025
[ 9/2048 ]	2.32301e+025	2.44888e+024	2.77686e+024	1.16151e+025	1.16151e+025
[ 10/2048 ]	2.04843e+025	0	2.7458e+024	1.02422e+025	1.02422e+025
[ 11/2048 ]	1.80736e+025	0	2.4107e+024	9.03681e+024	9.03681e+024
[ 12/2048 ]	1.59968e+025	0	2.07686e+024	7.99838e+024	7.99838e+024
[ 1/2049 ]	1.42191e+025	0	1.77765e+024	7.10956e+024	7.10956e+024
[ 2/2049 ]	1.89775e+025	6.21144e+024	1.45309e+024	9.48873e+024	9.48873e+024
[ 3/2049 ]	2.46312e+025	7.60473e+024	1.95095e+024	1.23156e+025	1.23156e+025
[ 4/2049 ]	3.97115e+025	1.76441e+025	2.5639e+024	1.98557e+025	1.98557e+025
[ 5/2049 ]	5.3545e+025	1.82057e+025	4.37222e+024	2.67725e+025	2.67725e+025
[ 6/2049 ]	6.61046e+025	1.86487e+025	6.08904e+024	3.30523e+025	3.30523e+025
[ 7/2049 ]	7.60565e+025	1.7602e+025	7.6501e+024	3.80283e+025	3.80283e+025
[ 8/2049 ]	7.5428e+025	8.30704e+024	8.93552e+024	3.7714e+025	3.7714e+025
[ 9/2049 ]	7.43779e+025	7.8408e+024	8.89091e+024	3.7189e+025	3.7189e+025
[ 10/2049 ]	6.55865e+025	0	8.79146e+024	3.27932e+025	3.27932e+025
[ 11/2049 ]	5.78679e+025	0	7.71854e+024	2.8934e+025	2.8934e+025
[ 12/2049 ]	5.12183e+025	0	6.64967e+024	2.56091e+025	2.56091e+025
[ 1/2050 ]	4.55266e+025	0	5.69166e+024	2.27633e+025	2.27633e+025
[ 2/2050 ]	6.07618e+025	1.98877e+025	4.65249e+024	3.03809e+025	3.03809e+025
[ 3/2050 ]	7.88641e+025	2.43488e+025	6.24652e+024	3.9432e+025	3.9432e+025
[ 4/2050 ]	1.27148e+026	5.64928e+025	8.20907e+024	6.35739e+025	6.35739e+025
[ 5/2050 ]	1.7144e+026	5.82909e+025	1.39989e+025	8.57199e+025	8.57199e+025
[ 6/2050 ]	2.11653e+026	5.97091e+025	1.94958e+025	1.05827e+026	1.05827e+026
[ 7/2050 ]	2.43517e+026	5.63579e+025	2.4494e+025	1.21758e+026	1.21758e+026
[ 8/2050 ]	2.41505e+026	2.65974e+025	2.86097e+025	1.20752e+026	1.20752e+026
[ 9/2050 ]	2.38142e+026	2.51046e+025	2.84668e+025	1.19071e+026	1.19071e+026
[ 10/2050 ]	2.09994e+026	0	2.81484e+025	1.04997e+026	1.04997e+026
[ 11/2050 ]	1.85281e+026	0	2.47131e+025	9.26405e+025	9.26405e+025
[ 12/2050 ]	1.6399e+026	0	2.12908e+025	8.1995e+025	8.1995e+025
[ 1/2051 ]	1.45767e+026	0	1.82235e+025	7.28833e+025	7.28833e+025
[ 2/2051 ]	1.94547e+026	6.36763e+025	1.48963e+025	9.72733e+025	9.72733e+025
[ 3/2051 ]	2.52506e+026	7.79596e+025	2e+025	1.26253e+026	1.26253e+026
[ 4/2051 ]	4.071e+026	1.80878e+026	2.62837e+025	2.0355e+026	2.0355e+026
[ 5/2051 ]	5.48914e+026	1.86635e+026	4.48216e+025	2.74457e+026	2.74457e+026
[ 6/2051 ]	6.77668e+026	1.91176e+026	6.24216e+025	3.38834e+026	3.38834e+026
[ 7/2051 ]	7.7969e+026	1.80446e+026	7.84246e+025	3.89845e+026	3.89845e+026
[ 8/2051 ]	7.73247e+026	8.51593e+025	9.16021e+025	3.86624e+026	3.86624e+026
[ 9/2051 ]	7.62482e+026	8.03796e+025	9.11448e+025	3.81241e+026	3.81241e+026
[ 10/2051 ]	6.72357e+026	0	9.01253e+025	3.36178e+026	3.36178e+026
[ 11/2051 ]	5.9323e+026	0	7.91262e+025	2.96615e+026	2.96615e+026
[ 12/2051 ]	5.25062e+026	0	6.81688e+025	2.62531e+026	2.62531e+026
[ 1/2052 ]	4.66714e+026	0	5.83478e+025	2.33357e+026	2.33357e+026
[ 2/2052 ]	6.22897e+026	2.03878e+026	4.76947e+025	3.11449e+026	3.11449e+026
[ 3/2052 ]	8.08471e+026	2.4961e+026	6.40359e+025	4.04236e+026	4.04236e+026
[ 4/2052 ]	1.30345e+027	5.79133e+026	8.41549e+025	6.51725e+026	6.51725e+026
[ 5/2052 ]	1.75751e+027	5.97566e+026	1.43509e+026	8.78753e+026	8.78753e+026
[ 6/2052 ]	2.16975e+027	6.12106e+026	1.99861e+026	1.08488e+027	1.08488e+027
[ 7/2052 ]	2.4964e+027	5.77751e+026	2.51099e+026	1.2482e+027	1.2482e+027
[ 8/2052 ]	2.47577e+027	2.72662e+026	2.93291e+026	1.23789e+027	1.23789e+027
[ 9/2052 ]	2.44131e+027	2.57359e+026	2.91826e+026	1.22065e+027	1.22065e+027
[ 10/2052 ]	2.15274e+027	0	2.88562e+026	1.07637e+027	1.07637e+027
[ 11/2052 ]	1.8994e+027	0	2.53346e+026	9.49699e+026	9.49699e+026
[ 12/2052 ]	1.68114e+027	0	2.18262e+026	8.40568e+026	8.40568e+026
[ 1/2053 ]	1.49432e+027	0	1.86817e+026	7.4716e+026	7.4716e+026
[ 2/2053 ]	1.99439e+027	6.52774e+026	1.52709e+026	9.97193e+026	9.97193e+026
[ 3/2053 ]	2.58855e+027	7.99199e+026	2.05029e+026	1.29428e+027	1.29428e+027
[ 4/2053 ]	4.17337e+027	1.85426e+027	2.69446e+026	2.08669e+027	2.08669e+027
[ 5/2053 ]	5.62716e+027	1.91328e+027	4.59487e+026	2.81358e+027	2.81358e+027
[ 6/2053 ]	6.94709e+027	1.95983e+027	6.39912e+026	3.47354e+027	3.47354e+027
[ 7/2053 ]	7.99296e+027	1.84984e+027	8.03966e+026	3.99648e+027	3.99648e+027
[ 8/2053 ]	7.92691e+027	8.73006e+026	9.39054e+026	3.96345e+027	3.96345e+027
[ 9/2053 ]	7.81655e+027	8.24008e+026	9.34367e+026	3.90827e+027	3.90827e+027
[ 10/2053 ]	6.89263e+027	0	9.23915e+026	3.44632e+027	3.44632e+027
[ 11/2053 ]	6.08148e+027	0	8.11159e+026	3.04074e+027	3.04074e+027
[ 12/2053 ]	5.38265e+027	0	6.98829e+026	2.69132e+027	2.69132e+027
[ 1/2054 ]	4.7845e+027	0	5.9815e+026	2.39225e+027	2.39225e+027
[ 2/2054 ]	6.3856e+027	2.09005e+027	4.8894e+026	3.1928e+027	3.1928e+027
[ 3/2054 ]	8.28801e+027	2.55887e+027	6.56461e+026	4.144e+027	4.144e+027
[ 4/2054 ]	1.33623e+028	5.93696e+027	8.6271e+026	6.68113e+027	6.68113e+027
[ 5/2054 ]	1.8017e+028	6.12592e+027	1.47118e+027	9.0085e+027	9.0085e+027
[ 6/2054 ]	2.22431e+028	6.27497e+027	2.04886e+027	1.11216e+028	1.11216e+028
[ 7/2054 ]	2.55918e+028	5.92278e+027	2.57413e+027	1.27959e+028	1.27959e+028
[ 8/2054 ]	2.53803e+028	2.79518e+027	3.00665e+027	1.26901e+028	1.26901e+028
[ 9/2054 ]	2.50269e+028	2.6383e+027	2.99164e+027	1.25135e+028	1.25135e+028
[ 10/2054 ]	2.20688e+028	0	2.95818e+027	1.10344e+028	1.10344e+028
[ 11/2054 ]	1.94716e+028	0	2.59716e+027	9.7358e+027	9.7358e+027
[ 12/2054 ]	1.72341e+028	0	2.2375e+027	8.61705e+027	8.61705e+027
[ 1/2055 ]	1.53189e+028	0	1.91515e+027	7.65947e+027	7.65947e+027
[ 2/2055 ]	2.04453e+028	6.69188e+027	1.56548e+027	1.02227e+028	1.02227e+028
[ 3/2055 ]	2.65365e+028	8.19295e+027	2.10185e+027	1.32682e+028	1.32682e+028
[ 4/2055 ]	4.27831e+028	1.90089e+028	2.76221e+027	2.13916e+028	2.13916e+028
[ 5/2055 ]	5.76866e+028	1.96139e+028	4.71041e+027	2.88433e+028	2.88433e+028
[ 6/2055 ]	7.12177e+028	2.00911e+028	6.56003e+027	3.56089e+028	3.56089e+028
[ 7/2055 ]	8.19394e+028	1.89635e+028	8.24182e+027	4.09697e+028	4.09697e+028
[ 8/2055 ]	8.12623e+028	8.94958e+027	9.62667e+027	4.06312e+028	4.06312e+028
[ 9/2055 ]	8.0131e+028	8.44728e+027	9.57862e+027	4.00655e+028	4.00655e+028
[ 10/2055 ]	7.06595e+028	0	9.47147e+027	3.53298e+028	3.53298e+028
[ 11/2055 ]	6.2344e+028	0	8.31556e+027	3.1172e+028	3.1172e+028
[ 12/2055 ]	5.51799e+028	0	7.16402e+027	2.759e+028	2.759e+028
[ 1/2056 ]	4.9048e+028	0	6.13191e+027	2.4524e+028	2.4524e+028
[ 2/2056 ]	6.54617e+028	2.1426e+028	5.01235e+027	3.27308e+028	3.27308e+028
[ 3/2056 ]	8.49641e+028	2.62321e+028	6.72968e+027	4.24821e+028	4.24821e+028
[ 4/2056 ]	1.36983e+029	6.08624e+028	8.84403e+027	6.84913e+028	6.84913e+028
[ 5/2056 ]	1.847e+029	6.27996e+028	1.50817e+028	9.23502e+028	9.23502e+028
[ 6/2056 ]	2.28024e+029	6.43276e+028	2.10038e+028	1.14012e+029	1.14012e+029
[ 7/2056 ]	2.62353e+029	6.07171e+028	2.63886e+028	1.31176e+029	1.31176e+029
[ 8/2056 ]	2.60185e+029	2.86547e+028	3.08226e+028	1.30092e+029	1.30092e+029
[ 9/2056 ]	2.56563e+029	2.70464e+028	3.06687e+028	1.28281e+029	1.28281e+029
[ 10/2056 ]	2.26237e+029	0	3.03257e+028	1.13118e+029	1.13118e+029
[ 11/2056 ]	1.99612e+029	0	2.66247e+028	9.98061e+028	9.98061e+028
[ 12/2056 ]	1.76675e+029	0	2.29377e+028	8.83373e+028	8.83373e+028
[ 1/2057 ]	1.57041e+029	0	1.96331e+028	7.85207e+028	7.85207e+028
[ 2/2057 ]	2.09595e+029	6.86015e+028	1.60485e+028	1.04797e+029	1.04797e+029
[ 3/2057 ]	2.72037e+029	8.39897e+028	2.1547e+028	1.36019e+029	1.36019e+029
[ 4/2057 ]	4.38589e+029	1.94869e+029	2.83167e+028	2.19295e+029	2.19295e+029
[ 5/2057 ]	5.91372e+029	2.01071e+029	4.82885e+028	2.95686e+029	2.95686e+029
[ 6/2057 ]	7.30085e+029	2.05963e+029	6.72498e+028	3.65043e+029	3.65043e+029
[ 7/2057 ]	8.39998e+029	1.94404e+029	8.44907e+028	4.19999e+029	4.19999e+029
[ 8/2057 ]	8.33057e+029	9.17462e+028	9.86874e+028	4.16528e+029	4.16528e+029
[ 9/2057 ]	8.21459e+029	8.65969e+028	9.81947e+028	4.1073e+029	4.1073e+029
[ 10/2057 ]	7.24363e+029	0	9.70963e+028	3.62181e+029	3.62181e+029
[ 11/2057 ]	6.39116e+029	0	8.52466e+028	3.19558e+029	3.19558e+029
[ 12/2057 ]	5.65675e+029	0	7.34416e+028	2.82837e+029	2.82837e+029
[ 1/2058 ]	5.02814e+029	0	6.2861e+028	2.51407e+029	2.51407e+029
[ 2/2058 ]	6.71078e+029	2.19648e+029	5.13839e+028	3.35539e+029	3.35539e+029
[ 3/2058 ]	8.71006e+029	2.68917e+029	6.8989e+028	4.35503e+029	4.35503e+029
[ 4/2058 ]	1.40427e+030	6.23929e+029	9.06641e+028	7.02135e+029	7.02135e+029
[ 5/2058 ]	1.89345e+030	6.43787e+029	1.5461e+029	9.46724e+029	9.46724e+029
[ 6/2058 ]	2.33758e+030	6.59451e+029	2.1532e+029	1.16879e+030	1.16879e+030
[ 7/2058 ]	2.6895e+030	6.22439e+029	2.70521e+029	1.34475e+030	1.34475e+030
[ 8/2058 ]	2.66727e+030	2.93752e+029	3.15976e+029	1.33364e+030	1.33364e+030
[ 9/2058 ]	2.63014e+030	2.77265e+029	3.14399e+029	1.31507e+030	1.31507e+030
[ 10/2058 ]	2.31926e+030	0	3.10882e+029	1.15963e+030	1.15963e+030
[ 11/2058 ]	2.04632e+030	0	2.72942e+029	1.02316e+030	1.02316e+030
[ 12/2058 ]	1.81117e+030	0	2.35144e+029	9.05586e+029	9.05586e+029
[ 1/2059 ]	1.6099e+030	0	2.01268e+029	8.04952e+029	8.04952e+029
[ 2/2059 ]	2.14865e+030	7.03266e+029	1.6452e+029	1.07432e+030	1.07432e+030
[ 3/2059 ]	2.78878e+030	8.61016e+029	2.20888e+029	1.39439e+030	1.39439e+030
[ 4/2059 ]	4.49618e+030	1.99769e+030	2.90287e+029	2.24809e+030	2.24809e+030
[ 5/2059 ]	6.06242e+030	2.06127e+030	4.95028e+029	3.03121e+030	3.03121e+030
[ 6/2059 ]	7.48444e+030	2.11142e+030	6.89408e+029	3.74222e+030	3.74222e+030
[ 7/2059 ]	8.6112e+030	1.99292e+030	8.66152e+029	4.3056e+030	4.3056e+030
[ 8/2059 ]	8.54005e+030	9.40532e+029	1.01169e+030	4.27002e+030	4.27002e+030
[ 9/2059 ]	8.42115e+030	8.87744e+029	1.00664e+030	4.21058e+030	4.21058e+030
[ 10/2059 ]	7.42577e+030	0	9.95379e+029	3.71289e+030	3.71289e+030
[ 11/2059 ]	6.55187e+030	0	8.73901e+029	3.27594e+030	3.27594e+030
[ 12/2059 ]	5.79899e+030	0	7.52883e+029	2.89949e+030	2.89949e+030
[ 1/2060 ]	5.15457e+030	0	6.44416e+029	2.57729e+030	2.57729e+030
[ 2/2060 ]	6.87952e+030	2.25171e+030	5.26759e+029	3.43976e+030	3.43976e+030
[ 3/2060 ]	8.92908e+030	2.75679e+030	7.07237e+029	4.46454e+030	4.46454e+030
[ 4/2060 ]	1.43958e+031	6.39617e+030	9.29439e+029	7.19791e+030	7.19791e+030
[ 5/2060 ]	1.94106e+031	6.59975e+030	1.58497e+030	9.7053e+030	9.7053e+030
[ 6/2060 ]	2.39636e+031	6.76033e+030	2.20734e+030	1.19818e+031	1.19818e+031
[ 7/2060 ]	2.75713e+031	6.38091e+030	2.77324e+030	1.37856e+031	1.37856e+031
[ 8/2060 ]	2.73434e+031	3.01139e+030	3.23922e+030	1.36717e+031	1.36717e+031
[ 9/2060 ]	2.69627e+031	2.84237e+030	3.22305e+030	1.34814e+031	1.34814e+031
[ 10/2060 ]	2.37758e+031	0	3.18699e+030	1.18879e+031	1.18879e+031
[ 11/2060 ]	2.09777e+031	0	2.79805e+030	1.04889e+031	1.04889e+031
[ 12/2060 ]	1.85671e+031	0	2.41057e+030	9.28357e+030	9.28357e+030
[ 1/2061 ]	1.65039e+031	0	2.06329e+030	8.25193e+030	8.25193e+030
[ 2/2061 ]	2.20268e+031	7.20949e+030	1.68657e+030	1.10134e+031	1.10134e+031
[ 3/2061 ]	2.8589e+031	8.82667e+030	2.26442e+030	1.42945e+031	1.42945e+031
[ 4/2061 ]	4.60924e+031	2.04792e+031	2.97587e+030	2.30462e+031	2.30462e+031
[ 5/2061 ]	6.21486e+031	2.1131e+031	5.07475e+030	3.10743e+031	3.10743e+031
[ 6/2061 ]	7.67263e+031	2.16452e+031	7.06744e+030	3.83632e+031	3.83632e+031
[ 7/2061 ]	8.82773e+031	2.04303e+031	8.87932e+030	4.41387e+031	4.41387e+031
[ 8/2061 ]	8.75479e+031	9.64182e+030	1.03713e+031	4.37739e+031	4.37739e+031
[ 9/2061 ]	8.6329e+031	9.10067e+030	1.03195e+031	4.31645e+031	4.31645e+031
[ 10/2061 ]	7.6125e+031	0	1.02041e+031	3.80625e+031	3.80625e+031
[ 11/2061 ]	6.71662e+031	0	8.95876e+030	3.35831e+031	3.35831e+031
[ 12/2061 ]	5.94481e+031	0	7.71814e+030	2.9724e+031	2.9724e+031
[ 1/2062 ]	5.28419e+031	0	6.6062e+030	2.64209e+031	2.64209e+031
[ 2/2062 ]	7.05251e+031	2.30833e+031	5.40005e+030	3.52625e+031	3.52625e+031
[ 3/2062 ]	9.1536e+031	2.82611e+031	7.25021e+030	4.5768e+031	4.5768e+031
[ 4/2062 ]	1.47578e+032	6.55701e+031	9.5281e+030	7.3789e+031	7.3789e+031
[ 5/2062 ]	1.98987e+032	6.76571e+031	1.62483e+031	9.94934e+031	9.94934e+031
[ 6/2062 ]	2.45662e+032	6.93032e+031	2.26284e+031	1.22831e+032	1.22831e+032
[ 7/2062 ]	2.82645e+032	6.54136e+031	2.84297e+031	1.41323e+032	1.41323e+032
[ 8/2062 ]	2.8031e+032	3.08711e+031	3.32067e+031	1.40155e+032	1.40155e+032
[ 9/2062 ]	2.76407e+032	2.91384e+031	3.30409e+031	1.38204e+032	1.38204e+032
[ 10/2062 ]	2.43736e+032	0	3.26713e+031	1.21868e+032	1.21868e+032
[ 11/2062 ]	2.15052e+032	0	2.86841e+031	1.07526e+032	1.07526e+032
[ 12/2062 ]	1.9034e+032	0	2.47119e+031	9.51701e+031	9.51701e+031
[ 1/2063 ]	1.69188e+032	0	2.11517e+031	8.45942e+031	8.45942e+031
[ 2/2063 ]	2.25806e+032	7.39078e+031	1.72898e+031	1.12903e+032	1.12903e+032
[ 3/2063 ]	2.93079e+032	9.04862e+031	2.32136e+031	1.46539e+032	1.46539e+032
[ 4/2063 ]	4.72514e+032	2.09942e+032	3.0507e+031	2.36257e+032	2.36257e+032
[ 5/2063 ]	6.37114e+032	2.16624e+032	5.20236e+031	3.18557e+032	3.18557e+032
[ 6/2063 ]	7.86557e+032	2.21894e+032	7.24515e+031	3.93278e+032	3.93278e+032
[ 7/2063 ]	9.04971e+032	2.0944e+032	9.10259e+031	4.52486e+032	4.52486e+032
[ 8/2063 ]	8.97493e+032	9.88427e+031	1.06321e+032	4.48747e+032	4.48747e+032
[ 9/2063 ]	8.84998e+032	9.32951e+031	1.0579e+032	4.42499e+032	4.42499e+032
[ 10/2063 ]	7.80392e+032	0	1.04607e+032	3.90196e+032	3.90196e+032
[ 11/2063 ]	6.88551e+032	0	9.18403e+031	3.44276e+032	3.44276e+032
[ 12/2063 ]	6.09429e+032	0	7.91222e+031	3.04715e+032	3.04715e+032
[ 1/2064 ]	5.41706e+032	0	6.77232e+031	2.70853e+032	2.70853e+032
[ 2/2064 ]	7.22985e+032	2.36637e+032	5.53584e+031	3.61492e+032	3.61492e+032
[ 3/2064 ]	9.38377e+032	2.89718e+032	7.43252e+031	4.69189e+032	4.69189e+032
[ 4/2064 ]	1.51289e+033	6.72189e+032	9.76769e+031	7.56444e+032	7.56444e+032
[ 5/2064 ]	2.0399e+033	6.93583e+032	1.66569e+032	1.01995e+033	1.01995e+033
[ 6/2064 ]	2.51839e+033	7.10459e+032	2.31974e+032	1.25919e+033	1.25919e+033
[ 7/2064 ]	2.89753e+033	6.70584e+032	2.91446e+032	1.44876e+033	1.44876e+033
[ 8/2064 ]	2.87358e+033	3.16474e+032	3.40417e+032	1.43679e+033	1.43679e+033
[ 9/2064 ]	2.83358e+033	2.98711e+032	3.38717e+032	1.41679e+033	1.41679e+033
[ 10/2064 ]	2.49865e+033	0	3.34928e+032	1.24932e+033	1.24932e+033
[ 11/2064 ]	2.2046e+033	0	2.94053e+032	1.1023e+033	1.1023e+033
[ 12/2064 ]	1.95126e+033	0	2.53333e+032	9.75632e+032	9.75632e+032
[ 1/2065 ]	1.73443e+033	0	2.16835e+032	8.67214e+032	8.67214e+032
[ 2/2065 ]	2.31484e+033	7.57662e+032	1.77246e+032	1.15742e+033	1.15742e+033
[ 3/2065 ]	3.00449e+033	9.27615e+032	2.37974e+032	1.50224e+033	1.50224e+033
[ 4/2065 ]	4.84395e+033	2.15221e+033	3.12741e+032	2.42198e+033	2.42198e+033
[ 5/2065 ]	6.53134e+033	2.22071e+033	5.33317e+032	3.26567e+033	3.26567e+033
[ 6/2065 ]	8.06335e+033	2.27474e+033	7.42733e+032	4.03167e+033	4.03167e+033
[ 7/2065 ]	9.27727e+033	2.14707e+033	9.33148e+032	4.63863e+033	4.63863e+033
[ 8/2065 ]	9.20061e+033	1.01328e+033	1.08994e+033	4.6003e+033	4.6003e+033
[ 9/2065 ]	9.07252e+033	9.5641e+032	1.0845e+033	4.53626e+033	4.53626e+033
[ 10/2065 ]	8.00015e+033	0	1.07237e+033	4.00007e+033	4.00007e+033
[ 11/2065 ]	7.05865e+033	0	9.41497e+032	3.52933e+033	3.52933e+033
[ 12/2065 ]	6.24753e+033	0	8.11118e+032	3.12377e+033	3.12377e+033
[ 1/2066 ]	5.55327e+033	0	6.94261e+032	2.77664e+033	2.77664e+033
[ 2/2066 ]	7.41164e+033	2.42588e+033	5.67504e+032	3.70582e+033	3.70582e+033
[ 3/2066 ]	9.61973e+033	2.97003e+033	7.61941e+032	4.80987e+033	4.80987e+033
[ 4/2066 ]	1.55093e+034	6.89091e+033	1.00133e+033	7.75466e+033	7.75466e+033
[ 5/2066 ]	2.0912e+034	7.11024e+033	1.70757e+033	1.0456e+034	1.0456e+034
[ 6/2066 ]	2.58171e+034	7.28324e+033	2.37808e+033	1.29086e+034	1.29086e+034
[ 7/2066 ]	2.97039e+034	6.87446e+033	2.98774e+033	1.48519e+034	1.48519e+034
[ 8/2066 ]	2.94584e+034	3.24431e+033	3.48977e+033	1.47292e+034	1.47292e+034
[ 9/2066 ]	2.90483e+034	3.06222e+033	3.47234e+033	1.45241e+034	1.45241e+034
[ 10/2066 ]	2.56148e+034	0	3.4335e+033	1.28074e+034	1.28074e+034
[ 11/2066 ]	2.26003e+034	0	3.01447e+033	1.13002e+034	1.13002e+034
[ 12/2066 ]	2.00033e+034	0	2.59703e+033	1.00016e+034	1.00016e+034
[ 1/2067 ]	1.77804e+034	0	2.22288e+033	8.8902e+033	8.8902e+033
[ 2/2067 ]	2.37305e+034	7.76714e+033	1.81703e+033	1.18653e+034	1.18653e+034
[ 3/2067 ]	3.08003e+034	9.5094e+033	2.43958e+033	1.54002e+034	1.54002e+034
[ 4/2067 ]	4.96575e+034	2.20632e+034	3.20605e+033	2.48288e+034	2.48288e+034
[ 5/2067 ]	6.69558e+034	2.27655e+034	5.46728e+033	3.34779e+034	3.34779e+034
[ 6/2067 ]	8.26611e+034	2.33194e+034	7.6141e+033	4.13305e+034	4.13305e+034
[ 7/2067 ]	9.51055e+034	2.20106e+034	9.56612e+033	4.75528e+034	4.75528e+034
[ 8/2067 ]	9.43196e+034	1.03876e+034	1.11735e+034	4.71598e+034	4.71598e+034
[ 9/2067 ]	9.30065e+034	9.8046e+033	1.11177e+034	4.65032e+034	4.65032e+034
[ 10/2067 ]	8.20131e+034	0	1.09934e+034	4.10066e+034	4.10066e+034
[ 11/2067 ]	7.23614e+034	0	9.65171e+033	3.61807e+034	3.61807e+034
[ 12/2067 ]	6.40463e+034	0	8.31513e+033	3.20232e+034	3.20232e+034
[ 1/2068 ]	5.69291e+034	0	7.11719e+033	2.84646e+034	2.84646e+034
[ 2/2068 ]	7.59801e+034	2.48688e+034	5.81774e+033	3.79901e+034	3.79901e+034
[ 3/2068 ]	9.86162e+034	3.04471e+034	7.81101e+033	4.93081e+034	4.93081e+034
[ 4/2068 ]	1.58993e+035	7.06419e+034	1.02651e+034	7.94965e+034	7.94965e+034
[ 5/2068 ]	2.14378e+035	7.28903e+034	1.75051e+034	1.07189e+035	1.07189e+035
[ 6/2068 ]	2.64663e+035	7.46638e+034	2.43787e+034	1.32332e+035	1.32332e+035
[ 7/2068 ]	3.04508e+035	7.04732e+034	3.06287e+034	1.52254e+035	1.52254e+035
[ 8/2068 ]	3.01992e+035	3.32589e+034	3.57752e+034	1.50996e+035	1.50996e+035
[ 9/2068 ]	2.97787e+035	3.13923e+034	3.55966e+034	1.48894e+035	1.48894e+035
[ 10/2068 ]	2.62589e+035	0	3.51984e+034	1.31294e+035	1.31294e+035
[ 11/2068 ]	2.31686e+035	0	3.09027e+034	1.15843e+035	1.15843e+035
[ 12/2068 ]	2.05063e+035	0	2.66233e+034	1.02531e+035	1.02531e+035
[ 1/2069 ]	1.82275e+035	0	2.27877e+034	9.11375e+034	9.11375e+034
[ 2/2069 ]	2.43272e+035	7.96245e+034	1.86272e+034	1.21636e+035	1.21636e+035
[ 3/2069 ]	3.15748e+035	9.74852e+034	2.50092e+034	1.57874e+035	1.57874e+035
[ 4/2069 ]	5.09062e+035	2.2618e+035	3.28667e+034	2.54531e+035	2.54531e+035
[ 5/2069 ]	6.86394e+035	2.33379e+035	5.60476e+034	3.43197e+035	3.43197e+035
[ 6/2069 ]	8.47396e+035	2.39058e+035	7.80555e+034	4.23698e+035	4.23698e+035
[ 7/2069 ]	9.7497e+035	2.2564e+035	9.80667e+034	4.87485e+035	4.87485e+035
[ 8/2069 ]	9.66913e+035	1.06488e+035	1.14545e+035	4.83457e+035	4.83457e+035
[ 9/2069 ]	9.53452e+035	1.00511e+035	1.13973e+035	4.76726e+035	4.76726e+035
[ 10/2069 ]	8.40754e+035	0	1.12698e+035	4.20377e+035	4.20377e+035
[ 11/2069 ]	7.4181e+035	0	9.89441e+034	3.70905e+035	3.70905e+035
[ 12/2069 ]	6.56568e+035	0	8.52422e+034	3.28284e+035	3.28284e+035
[ 1/2070 ]	5.83606e+035	0	7.29615e+034	2.91803e+035	2.91803e+035
[ 2/2070 ]	7.78907e+035	2.54941e+035	5.96403e+034	3.89453e+035	3.89453e+035
[ 3/2070 ]	1.01096e+036	3.12127e+035	8.00742e+034	5.0548e+035	5.0548e+035
[ 4/2070 ]	1.62991e+036	7.24182e+035	1.05232e+035	8.14955e+035	8.14955e+035
[ 5/2070 ]	2.19769e+036	7.47231e+035	1.79452e+035	1.09884e+036	1.09884e+036
[ 6/2070 ]	2.71318e+036	7.65412e+035	2.49917e+035	1.35659e+036	1.35659e+036
[ 7/2070 ]	3.12165e+036	7.22453e+035	3.13989e+035	1.56082e+036	1.56082e+036
[ 8/2070 ]	3.09585e+036	3.40952e+035	3.66748e+035	1.54793e+036	1.54793e+036
[ 9/2070 ]	3.05275e+036	3.21816e+035	3.64917e+035	1.52638e+036	1.52638e+036
[ 10/2070 ]	2.69192e+036	0	3.60835e+035	1.34596e+036	1.34596e+036
[ 11/2070 ]	2.37512e+036	0	3.16798e+035	1.18756e+036	1.18756e+036
[ 12/2070 ]	2.10219e+036	0	2.72928e+035	1.0511e+036	1.0511e+036
[ 1/2071 ]	1.86858e+036	0	2.33607e+035	9.34292e+035	9.34292e+035
[ 2/2071 ]	2.4939e+036	8.16267e+035	1.90956e+035	1.24695e+036	1.24695e+036
[ 3/2071 ]	3.23688e+036	9.99365e+035	2.56381e+035	1.61844e+036	1.61844e+036
[ 4/2071 ]	5.21863e+036	2.31868e+036	3.36931e+035	2.60931e+036	2.60931e+036
[ 5/2071 ]	7.03653e+036	2.39248e+036	5.74569e+035	3.51827e+036	3.51827e+036
[ 6/2071 ]	8.68704e+036	2.45069e+036	8.00183e+035	4.34352e+036	4.34352e+036
[ 7/2071 ]	9.99486e+036	2.31314e+036	1.00533e+036	4.99743e+036	4.99743e+036
[ 8/2071 ]	9.91227e+036	1.09166e+036	1.17425e+036	4.95613e+036	4.95613e+036
[ 9/2071 ]	9.77427e+036	1.03039e+036	1.16839e+036	4.88713e+036	4.88713e+036
[ 10/2071 ]	8.61895e+036	0	1.15532e+036	4.30948e+036	4.30948e+036
[ 11/2071 ]	7.60463e+036	0	1.01432e+036	3.80232e+036	3.80232e+036
[ 12/2071 ]	6.73077e+036	0	8.73857e+035	3.36539e+036	3.36539e+036
[ 1/2072 ]	5.98281e+036	0	7.47962e+035	2.99141e+036	2.99141e+036
[ 2/2072 ]	7.98493e+036	2.61351e+036	6.114e+035	3.99246e+036	3.99246e+036
[ 3/2072 ]	1.03638e+037	3.19976e+036	8.20877e+035	5.1819e+036	5.1819e+036
[ 4/2072 ]	1.67089e+037	7.42392e+036	1.07878e+036	8.35447e+036	8.35447e+036
[ 5/2072 ]	2.25295e+037	7.66021e+036	1.83965e+036	1.12647e+037	1.12647e+037
[ 6/2072 ]	2.78141e+037	7.84659e+036	2.56202e+036	1.3907e+037	1.3907e+037
[ 7/2072 ]	3.20014e+037	7.40619e+036	3.21884e+036	1.60007e+037	1.60007e+037
[ 8/2072 ]	3.1737e+037	3.49526e+036	3.7597e+036	1.58685e+037	1.58685e+037
[ 9/2072 ]	3.12951e+037	3.29908e+036	3.74093e+036	1.56476e+037	1.56476e+037
[ 10/2072 ]	2.75961e+037	0	3.69908e+036	1.3798e+037	1.3798e+037
[ 11/2072 ]	2.43484e+037	0	3.24764e+036	1.21742e+037	1.21742e+037
[ 12/2072 ]	2.15505e+037	0	2.7979e+036	1.07753e+037	1.07753e+037
[ 1/2073 ]	1.91557e+037	0	2.39482e+036	9.57785e+036	9.57785e+036
[ 2/2073 ]	2.55661e+037	8.36792e+036	1.95757e+036	1.2783e+037	1.2783e+037
[ 3/2073 ]	3.31827e+037	1.02449e+037	2.62827e+036	1.65914e+037	1.65914e+037
[ 4/2073 ]	5.34985e+037	2.37698e+037	3.45403e+036	2.67493e+037	2.67493e+037
[ 5/2073 ]	7.21347e+037	2.45264e+037	5.89017e+036	3.60674e+037	3.60674e+037
[ 6/2073 ]	8.90548e+037	2.51231e+037	8.20304e+036	4.45274e+037	4.45274e+037
[ 7/2073 ]	1.02462e+038	2.37131e+037	1.03061e+037	5.12309e+037	5.12309e+037
[ 8/2073 ]	1.01615e+038	1.11911e+037	1.20378e+037	5.08076e+037	5.08076e+037
[ 9/2073 ]	1.002e+038	1.0563e+037	1.19777e+037	5.01002e+037	5.01002e+037
[ 10/2073 ]	8.83568e+037	0	1.18437e+037	4.41784e+037	4.41784e+037
[ 11/2073 ]	7.79585e+037	0	1.03983e+037	3.89793e+037	3.89793e+037
[ 12/2073 ]	6.90002e+037	0	8.9583e+036	3.45001e+037	3.45001e+037
[ 1/2074 ]	6.13325e+037	0	7.66769e+036	3.06663e+037	3.06663e+037
[ 2/2074 ]	8.18571e+037	2.67923e+037	6.26773e+036	4.09286e+037	4.09286e+037
[ 3/2074 ]	1.06244e+038	3.28022e+037	8.41518e+036	5.3122e+037	5.3122e+037
[ 4/2074 ]	1.71291e+038	7.61059e+037	1.10591e+037	8.56455e+037	8.56455e+037
[ 5/2074 ]	2.3096e+038	7.85283e+037	1.88591e+037	1.1548e+038	1.1548e+038
[ 6/2074 ]	2.85135e+038	8.04389e+037	2.62644e+037	1.42567e+038	1.42567e+038
[ 7/2074 ]	3.28061e+038	7.59243e+037	3.29978e+037	1.64031e+038	1.64031e+038
[ 8/2074 ]	3.2535e+038	3.58315e+037	3.85423e+037	1.62675e+038	1.62675e+038
[ 9/2074 ]	3.20821e+038	3.38204e+037	3.83499e+037	1.6041e+038	1.6041e+038
[ 10/2074 ]	2.829e+038	0	3.7921e+037	1.4145e+038	1.4145e+038
[ 11/2074 ]	2.49607e+038	0	3.3293e+037	1.24803e+038	1.24803e+038
[ 12/2074 ]	2.20924e+038	0	2.86826e+037	1.10462e+038	1.10462e+038
[ 1/2075 ]	1.96374e+038	0	2.45503e+037	9.81869e+037	9.81869e+037
[ 2/2075 ]	2.62089e+038	8.57834e+037	2.0068e+037	1.31045e+038	1.31045e+038
[ 3/2075 ]	3.40171e+038	1.05026e+038	2.69436e+037	1.70086e+038	1.70086e+038
[ 4/2075 ]	5.48437e+038	2.43675e+038	3.54089e+037	2.74219e+038	2.74219e+038
[ 5/2075 ]	7.39486e+038	2.51431e+038	6.03828e+037	3.69743e+038	3.69743e+038
[ 6/2075 ]	9.12941e+038	2.57549e+038	8.40931e+037	4.56471e+038	4.56471e+038
[ 7/2075 ]	1.05038e+039	2.43093e+038	1.05652e+038	5.25191e+038	5.25191e+038
[ 8/2075 ]	1.0417e+039	1.14725e+038	1.23404e+038	5.20851e+038	5.20851e+038
[ 9/2075 ]	1.0272e+039	1.08286e+038	1.22788e+038	5.136e+038	5.136e+038
[ 10/2075 ]	9.05785e+038	0	1.21415e+038	4.52893e+038	4.52893e+038
[ 11/2075 ]	7.99188e+038	0	1.06597e+038	3.99594e+038	3.99594e+038
[ 12/2075 ]	7.07353e+038	0	9.18356e+037	3.53676e+038	3.53676e+038
[ 1/2076 ]	6.28748e+038	0	7.8605e+037	3.14374e+038	3.14374e+038
[ 2/2076 ]	8.39154e+038	2.7466e+038	6.42534e+037	4.19577e+038	4.19577e+038
[ 3/2076 ]	1.08916e+039	3.3627e+038	8.62678e+037	5.44578e+038	5.44578e+038
[ 4/2076 ]	1.75598e+039	7.80197e+038	1.13372e+038	8.77991e+038	8.77991e+038
[ 5/2076 ]	2.36768e+039	8.05029e+038	1.93333e+038	1.18384e+039	1.18384e+039
[ 6/2076 ]	2.92305e+039	8.24616e+038	2.69248e+038	1.46152e+039	1.46152e+039
[ 7/2076 ]	3.3631e+039	7.78334e+038	3.38276e+038	1.68155e+039	1.68155e+039
[ 8/2076 ]	3.33531e+039	3.67325e+038	3.95115e+038	1.66766e+039	1.66766e+039
[ 9/2076 ]	3.28888e+039	3.46708e+038	3.93143e+038	1.64444e+039	1.64444e+039
[ 10/2076 ]	2.90013e+039	0	3.88745e+038	1.45007e+039	1.45007e+039
[ 11/2076 ]	2.55883e+039	0	3.41302e+038	1.27942e+039	1.27942e+039
[ 12/2076 ]	2.26479e+039	0	2.94038e+038	1.1324e+039	1.1324e+039
[ 1/2077 ]	2.01312e+039	0	2.51677e+038	1.00656e+039	1.00656e+039
[ 2/2077 ]	2.6868e+039	8.79404e+038	2.05726e+038	1.3434e+039	1.3434e+039
[ 3/2077 ]	3.48725e+039	1.07666e+039	2.76211e+038	1.74362e+039	1.74362e+039
[ 4/2077 ]	5.62228e+039	2.49802e+039	3.62992e+038	2.81114e+039	2.81114e+039
[ 5/2077 ]	7.5808e+039	2.57753e+039	6.19011e+038	3.7904e+039	3.7904e+039
[ 6/2077 ]	9.35897e+039	2.64025e+039	8.62076e+038	4.67949e+039	4.67949e+039
[ 7/2077 ]	1.07679e+040	2.49206e+039	1.08309e+039	5.38397e+039	5.38397e+039
[ 8/2077 ]	1.0679e+040	1.1761e+039	1.26508e+039	5.33948e+039	5.33948e+039
[ 9/2077 ]	1.05303e+040	1.11009e+039	1.25876e+039	5.26515e+039	5.26515e+039
[ 10/2077 ]	9.28562e+039	0	1.24468e+039	4.64281e+039	4.64281e+039
[ 11/2077 ]	8.19284e+039	0	1.09278e+039	4.09642e+039	4.09642e+039
[ 12/2077 ]	7.25139e+039	0	9.41449e+038	3.6257e+039	3.6257e+039
[ 1/2078 ]	6.44558e+039	0	8.05816e+038	3.22279e+039	3.22279e+039
[ 2/2078 ]	8.60255e+039	2.81567e+039	6.58691e+038	4.30128e+039	4.30128e+039
[ 3/2078 ]	1.11654e+040	3.44725e+039	8.84371e+038	5.58272e+039	5.58272e+039
[ 4/2078 ]	1.80014e+040	7.99815e+039	1.16222e+039	9.00068e+039	9.00068e+039
[ 5/2078 ]	2.42721e+040	8.25272e+039	1.98194e+039	1.21361e+040	1.21361e+040
[ 6/2078 ]	2.99655e+040	8.45351e+039	2.76019e+039	1.49827e+040	1.49827e+040
[ 7/2078 ]	3.44767e+040	7.97906e+039	3.46782e+039	1.72384e+040	1.72384e+040
[ 8/2078 ]	3.41918e+040	3.76561e+039	4.0505e+039	1.70959e+040	1.70959e+040
[ 9/2078 ]	3.37158e+040	3.55427e+039	4.03028e+039	1.68579e+040	1.68579e+040
[ 10/2078 ]	2.97306e+040	0	3.9852e+039	1.48653e+040	1.48653e+040
[ 11/2078 ]	2.62317e+040	0	3.49884e+039	1.31159e+040	1.31159e+040
[ 12/2078 ]	2.32174e+040	0	3.01432e+039	1.16087e+040	1.16087e+040
[ 1/2079 ]	2.06374e+040	0	2.58005e+039	1.03187e+040	1.03187e+040
[ 2/2079 ]	2.75436e+040	9.01517e+039	2.10899e+039	1.37718e+040	1.37718e+040
[ 3/2079 ]	3.57494e+040	1.10374e+040	2.83157e+039	1.78747e+040	1.78747e+040
[ 4/2079 ]	5.76366e+040	2.56084e+040	3.7212e+039	2.88183e+040	2.88183e+040
[ 5/2079 ]	7.77143e+040	2.64235e+040	6.34577e+039	3.88571e+040	3.88571e+040
[ 6/2079 ]	9.59431e+040	2.70664e+040	8.83753e+039	4.79715e+040	4.79715e+040
[ 7/2079 ]	1.10387e+041	2.55473e+040	1.11032e+040	5.51936e+040	5.51936e+040
[ 8/2079 ]	1.09475e+041	1.20567e+040	1.29689e+040	5.47375e+040	5.47375e+040
[ 9/2079 ]	1.07951e+041	1.138e+040	1.29041e+040	5.39754e+040	5.39754e+040
[ 10/2079 ]	9.51911e+040	0	1.27598e+040	4.75955e+040	4.75955e+040
[ 11/2079 ]	8.39885e+040	0	1.12026e+040	4.19943e+040	4.19943e+040
[ 12/2079 ]	7.43373e+040	0	9.65122e+039	3.71687e+040	3.71687e+040
[ 1/2080 ]	6.60765e+040	0	8.26078e+039	3.30383e+040	3.30383e+040
[ 2/2080 ]	8.81887e+040	2.88647e+040	6.75254e+039	4.40943e+040	4.40943e+040
[ 3/2080 ]	1.14462e+041	3.53394e+040	9.06608e+039	5.7231e+040	5.7231e+040
[ 4/2080 ]	1.8454e+041	8.19927e+040	1.19145e+040	9.22701e+040	9.22701e+040
[ 5/2080 ]	2.48825e+041	8.46023e+040	2.03178e+040	1.24412e+041	1.24412e+041
[ 6/2080 ]	3.0719e+041	8.66608e+040	2.82959e+040	1.53595e+041	1.53595e+041
[ 7/2080 ]	3.53436e+041	8.17969e+040	3.55502e+040	1.76718e+041	1.76718e+041
[ 8/2080 ]	3.50516e+041	3.8603e+040	4.15236e+040	1.75258e+041	1.75258e+041
[ 9/2080 ]	3.45636e+041	3.64364e+040	4.13163e+040	1.72818e+041	1.72818e+041
[ 10/2080 ]	3.04782e+041	0	4.08541e+040	1.52391e+041	1.52391e+041
[ 11/2080 ]	2.68914e+041	0	3.58682e+040	1.34457e+041	1.34457e+041
[ 12/2080 ]	2.38012e+041	0	3.09012e+040	1.19006e+041	1.19006e+041
[ 1/2081 ]	2.11563e+041	0	2.64493e+040	1.05782e+041	1.05782e+041
[ 2/2081 ]	2.82362e+041	9.24186e+040	2.16202e+040	1.41181e+041	1.41181e+041
[ 3/2081 ]	3.66483e+041	1.13149e+041	2.90277e+040	1.83242e+041	1.83242e+041
[ 4/2081 ]	5.90859e+041	2.62523e+041	3.81477e+040	2.95429e+041	2.95429e+041
[ 5/2081 ]	7.96684e+041	2.70879e+041	6.50533e+040	3.98342e+041	3.98342e+041
[ 6/2081 ]	9.83556e+041	2.7747e+041	9.05976e+040	4.91778e+041	4.91778e+041
[ 7/2081 ]	1.13163e+042	2.61896e+041	1.13824e+041	5.65814e+041	5.65814e+041
[ 8/2081 ]	1.12228e+042	1.23599e+041	1.3295e+041	5.61139e+041	5.61139e+041
[ 9/2081 ]	1.10665e+042	1.16662e+041	1.32286e+041	5.53327e+041	5.53327e+041
[ 10/2081 ]	9.75847e+041	0	1.30806e+041	4.87923e+041	4.87923e+041
[ 11/2081 ]	8.61004e+041	0	1.14842e+041	4.30502e+041	4.30502e+041
[ 12/2081 ]	7.62065e+041	0	9.8939e+040	3.81033e+041	3.81033e+041
[ 1/2082 ]	6.7738e+041	0	8.4685e+040	3.3869e+041	3.3869e+041
[ 2/2082 ]	9.04062e+041	2.95905e+041	6.92233e+040	4.52031e+041	4.52031e+041
[ 3/2082 ]	1.1734e+042	3.6228e+041	9.29405e+040	5.86701e+041	5.86701e+041
[ 4/2082 ]	1.8918e+042	8.40544e+041	1.22141e+041	9.45902e+041	9.45902e+041
[ 5/2082 ]	2.55081e+042	8.67297e+041	2.08287e+041	1.27541e+042	1.27541e+042
[ 6/2082 ]	3.14914e+042	8.88399e+041	2.90074e+041	1.57457e+042	1.57457e+042
[ 7/2082 ]	3.62324e+042	8.38537e+041	3.64441e+041	1.81162e+042	1.81162e+042
[ 8/2082 ]	3.5933e+042	3.95737e+041	4.25677e+041	1.79665e+042	1.79665e+042
[ 9/2082 ]	3.54327e+042	3.73526e+041	4.23552e+041	1.77164e+042	1.77164e+042
[ 10/2082 ]	3.12446e+042	0	4.18814e+041	1.56223e+042	1.56223e+042
[ 11/2082 ]	2.75675e+042	0	3.67701e+041	1.37838e+042	1.37838e+042
[ 12/2082 ]	2.43997e+042	0	3.16782e+041	1.21999e+042	1.21999e+042
[ 1/2083 ]	2.16883e+042	0	2.71144e+041	1.08441e+042	1.08441e+042
[ 2/2083 ]	2.89462e+042	9.47425e+041	2.21638e+041	1.44731e+042	1.44731e+042
[ 3/2083 ]	3.75698e+042	1.15994e+042	2.97576e+041	1.87849e+042	1.87849e+042
[ 4/2083 ]	6.05716e+042	2.69124e+042	3.91069e+041	3.02858e+042	3.02858e+042
[ 5/2083 ]	8.16717e+042	2.7769e+042	6.66891e+041	4.08359e+042	4.08359e+042
[ 6/2083 ]	1.00829e+043	2.84447e+042	9.28757e+041	5.04144e+042	5.04144e+042
[ 7/2083 ]	1.16008e+043	2.68482e+042	1.16686e+042	5.80042e+042	5.80042e+042
[ 8/2083 ]	1.1505e+043	1.26707e+042	1.36293e+042	5.75249e+042	5.75249e+042
[ 9/2083 ]	1.13448e+043	1.19595e+042	1.35612e+042	5.6724e+042	5.6724e+042
[ 10/2083 ]	1.00039e+043	0	1.34095e+042	5.00193e+042	5.00193e+042
[ 11/2083 ]	8.82655e+042	0	1.1773e+042	4.41327e+042	4.41327e+042
[ 12/2083 ]	7.81228e+042	0	1.01427e+042	3.90614e+042	3.90614e+042
[ 1/2084 ]	6.94413e+042	0	8.68145e+041	3.47207e+042	3.47207e+042
[ 2/2084 ]	9.26795e+042	3.03346e+042	7.0964e+041	4.63398e+042	4.63398e+042
[ 3/2084 ]	1.20291e+043	3.7139e+042	9.52776e+041	6.01454e+042	6.01454e+042
[ 4/2084 ]	1.93937e+043	8.6168e+042	1.25212e+042	9.69687e+042	9.69687e+042
[ 5/2084 ]	2.61496e+043	8.89106e+042	2.13525e+042	1.30748e+043	1.30748e+043
[ 6/2084 ]	3.22833e+043	9.10739e+042	2.97368e+042	1.61416e+043	1.61416e+043
[ 7/2084 ]	3.71434e+043	8.59623e+042	3.73605e+042	1.85717e+043	1.85717e+043
[ 8/2084 ]	3.68365e+043	4.05688e+042	4.36381e+042	1.84183e+043	1.84183e+043
[ 9/2084 ]	3.63237e+043	3.82918e+042	4.34202e+042	1.81618e+043	1.81618e+043
[ 10/2084 ]	3.20302e+043	0	4.29345e+042	1.60151e+043	1.60151e+043
[ 11/2084 ]	2.82607e+043	0	3.76947e+042	1.41304e+043	1.41304e+043
[ 12/2084 ]	2.50133e+043	0	3.24747e+042	1.25066e+043	1.25066e+043
[ 1/2085 ]	2.22337e+043	0	2.77962e+042	1.11168e+043	1.11168e+043
[ 2/2085 ]	2.9674e+043	9.71249e+042	2.27212e+042	1.4837e+043	1.4837e+043
[ 3/2085 ]	3.85145e+043	1.18911e+043	3.05059e+042	1.92573e+043	1.92573e+043
[ 4/2085 ]	6.20947e+043	2.75892e+043	4.00903e+042	3.10473e+043	3.10473e+043
[ 5/2085 ]	8.37254e+043	2.84673e+043	6.8366e+042	4.18627e+043	4.18627e+043
[ 6/2085 ]	1.03364e+044	2.91599e+043	9.52111e+042	5.16821e+043	5.16821e+043
[ 7/2085 ]	1.18925e+044	2.75233e+043	1.1962e+043	5.94627e+043	5.94627e+043
[ 8/2085 ]	1.17943e+044	1.29893e+043	1.3972e+043	5.89714e+043	5.89714e+043
[ 9/2085 ]	1.16301e+044	1.22602e+043	1.39022e+043	5.81504e+043	5.81504e+043
[ 10/2085 ]	1.02554e+044	0	1.37467e+043	5.1277e+043	5.1277e+043
[ 11/2085 ]	9.04849e+043	0	1.20691e+043	4.52425e+043	4.52425e+043
[ 12/2085 ]	8.00872e+043	0	1.03977e+043	4.00436e+043	4.00436e+043
[ 1/2086 ]	7.11875e+043	0	8.89974e+042	3.55937e+043	3.55937e+043
[ 2/2086 ]	9.501e+043	3.10973e+043	7.27484e+042	4.7505e+043	4.7505e+043
[ 3/2086 ]	1.23315e+044	3.80728e+043	9.76734e+042	6.16577e+043	6.16577e+043
[ 4/2086 ]	1.98814e+044	8.83347e+043	1.28361e+043	9.9407e+043	9.9407e+043
[ 5/2086 ]	2.68071e+044	9.11463e+043	2.18894e+043	1.34035e+044	1.34035e+044
[ 6/2086 ]	3.3095e+044	9.33639e+043	3.04846e+043	1.65475e+044	1.65475e+044
[ 7/2086 ]	3.80774e+044	8.81238e+043	3.82999e+043	1.90387e+044	1.90387e+044
[ 8/2086 ]	3.77628e+044	4.15889e+043	4.47354e+043	1.88814e+044	1.88814e+044
[ 9/2086 ]	3.7237e+044	3.92547e+043	4.4512e+043	1.86185e+044	1.86185e+044
[ 10/2086 ]	3.28356e+044	0	4.40141e+043	1.64178e+044	1.64178e+044
[ 11/2086 ]	2.89714e+044	0	3.86426e+043	1.44857e+044	1.44857e+044
[ 12/2086 ]	2.56422e+044	0	3.32913e+043	1.28211e+044	1.28211e+044
[ 1/2087 ]	2.27927e+044	0	2.84951e+043	1.13964e+044	1.13964e+044
[ 2/2087 ]	3.04202e+044	9.95671e+043	2.32925e+043	1.52101e+044	1.52101e+044
[ 3/2087 ]	3.9483e+044	1.21901e+044	3.1273e+043	1.97415e+044	1.97415e+044
[ 4/2087 ]	6.36561e+044	2.82829e+044	4.10984e+043	3.1828e+044	3.1828e+044
[ 5/2087 ]	8.58307e+044	2.91831e+044	7.00851e+043	4.29153e+044	4.29153e+044
[ 6/2087 ]	1.05963e+045	2.98932e+044	9.76052e+043	5.29817e+044	5.29817e+044
[ 7/2087 ]	1.21916e+045	2.82154e+044	1.22628e+044	6.09579e+044	6.09579e+044
[ 8/2087 ]	1.20908e+045	1.33159e+044	1.43233e+044	6.04542e+044	6.04542e+044
[ 9/2087 ]	1.19225e+045	1.25685e+044	1.42518e+044	5.96126e+044	5.96126e+044
[ 10/2087 ]	1.05133e+045	0	1.40924e+044	5.25664e+044	5.25664e+044
[ 11/2087 ]	9.27602e+044	0	1.23725e+044	4.63801e+044	4.63801e+044
[ 12/2087 ]	8.2101e+044	0	1.06592e+044	4.10505e+044	4.10505e+044
[ 1/2088 ]	7.29775e+044	0	9.12353e+043	3.64888e+044	3.64888e+044
[ 2/2088 ]	9.7399e+044	3.18793e+044	7.45777e+043	4.86995e+044	4.86995e+044
[ 3/2088 ]	1.26416e+045	3.90302e+044	1.00129e+044	6.32081e+044	6.32081e+044
[ 4/2088 ]	2.03813e+045	9.05559e+044	1.31588e+044	1.01907e+045	1.01907e+045
[ 5/2088 ]	2.74812e+045	9.34382e+044	2.24398e+044	1.37406e+045	1.37406e+045
[ 6/2088 ]	3.39272e+045	9.57116e+044	3.12511e+044	1.69636e+045	1.69636e+045
[ 7/2088 ]	3.90349e+045	9.03397e+044	3.9263e+044	1.95174e+045	1.95174e+045
[ 8/2088 ]	3.87123e+045	4.26347e+044	4.58602e+044	1.93562e+045	1.93562e+045
[ 9/2088 ]	3.81734e+045	4.02418e+044	4.56313e+044	1.90867e+045	1.90867e+045
[ 10/2088 ]	3.36613e+045	0	4.51209e+044	1.68306e+045	1.68306e+045
[ 11/2088 ]	2.96999e+045	0	3.96143e+044	1.48499e+045	1.48499e+045
[ 12/2088 ]	2.6287e+045	0	3.41285e+044	1.31435e+045	1.31435e+045
[ 1/2089 ]	2.33659e+045	0	2.92116e+044	1.16829e+045	1.16829e+045
[ 2/2089 ]	3.11851e+045	1.02071e+045	2.38782e+044	1.55926e+045	1.55926e+045
[ 3/2089 ]	4.04758e+045	1.24966e+045	3.20593e+044	2.02379e+045	2.02379e+045
[ 4/2089 ]	6.52567e+045	2.89941e+045	4.21318e+044	3.26284e+045	3.26284e+045
[ 5/2089 ]	8.79889e+045	2.99169e+045	7.18475e+044	4.39945e+045	4.39945e+045
[ 6/2089 ]	1.08628e+046	3.06448e+045	1.0006e+045	5.43139e+045	5.43139e+045
[ 7/2089 ]	1.24982e+046	2.89249e+045	1.25712e+045	6.24908e+045	6.24908e+045
[ 8/2089 ]	1.23949e+046	1.36507e+045	1.46835e+045	6.19744e+045	6.19744e+045
[ 9/2089 ]	1.22223e+046	1.28846e+045	1.46102e+045	6.11116e+045	6.11116e+045
[ 10/2089 ]	1.07776e+046	0	1.44468e+045	5.38882e+045	5.38882e+045
[ 11/2089 ]	9.50927e+045	0	1.26837e+045	4.75464e+045	4.75464e+045
[ 12/2089 ]	8.41655e+045	0	1.09272e+045	4.20828e+045	4.20828e+045
[ 1/2090 ]	7.48126e+045	0	9.35295e+044	3.74063e+045	3.74063e+045
[ 2/2090 ]	9.98482e+045	3.26809e+045	7.6453e+044	4.99241e+045	4.99241e+045
[ 3/2090 ]	1.29595e+046	4.00116e+045	1.02647e+045	6.47975e+045	6.47975e+045
[ 4/2090 ]	2.08938e+046	9.2833e+045	1.34897e+045	1.04469e+046	1.04469e+046
[ 5/2090 ]	2.81722e+046	9.57877e+045	2.3004e+045	1.40861e+046	1.40861e+046
[ 6/2090 ]	3.47803e+046	9.81183e+045	3.20369e+045	1.73902e+046	1.73902e+046
[ 7/2090 ]	4.00164e+046	9.26114e+045	4.02503e+045	2.00082e+046	2.00082e+046
[ 8/2090 ]	3.96858e+046	4.37067e+045	4.70134e+045	1.98429e+046	1.98429e+046
[ 9/2090 ]	3.91333e+046	4.12537e+045	4.67787e+045	1.95666e+046	1.95666e+046
[ 10/2090 ]	3.45077e+046	0	4.62555e+045	1.72539e+046	1.72539e+046
[ 11/2090 ]	3.04467e+046	0	4.06104e+045	1.52233e+046	1.52233e+046
[ 12/2090 ]	2.6948e+046	0	3.49866e+045	1.3474e+046	1.3474e+046
[ 1/2091 ]	2.39534e+046	0	2.99462e+045	1.19767e+046	1.19767e+046
[ 2/2091 ]	3.19693e+046	1.04637e+046	2.44786e+045	1.59846e+046	1.59846e+046
[ 3/2091 ]	4.14936e+046	1.28109e+046	3.28655e+045	2.07468e+046	2.07468e+046
[ 4/2091 ]	6.68976e+046	2.97232e+046	4.31912e+045	3.34488e+046	3.34488e+046
[ 5/2091 ]	9.02014e+046	3.06692e+046	7.36541e+045	4.51007e+046	4.51007e+046
[ 6/2091 ]	1.11359e+047	3.14154e+046	1.02576e+046	5.56796e+046	5.56796e+046
[ 7/2091 ]	1.28124e+047	2.96522e+046	1.28873e+046	6.40621e+046	6.40621e+046
[ 8/2091 ]	1.27065e+047	1.3994e+046	1.50527e+046	6.35327e+046	6.35327e+046
[ 9/2091 ]	1.25296e+047	1.32086e+046	1.49776e+046	6.26482e+046	6.26482e+046
[ 10/2091 ]	1.10486e+047	0	1.481e+046	5.52432e+046	5.52432e+046
[ 11/2091 ]	9.74839e+046	0	1.30026e+046	4.87419e+046	4.87419e+046
[ 12/2091 ]	8.62819e+046	0	1.1202e+046	4.31409e+046	4.31409e+046
[ 1/2092 ]	7.66938e+046	0	9.58813e+045	3.83469e+046	3.83469e+046
[ 2/2092 ]	1.02359e+047	3.35027e+046	7.83754e+045	5.11794e+046	5.11794e+046
[ 3/2092 ]	1.32854e+047	4.10177e+046	1.05228e+046	6.64269e+046	6.64269e+046
[ 4/2092 ]	2.14192e+047	9.51673e+046	1.38289e+046	1.07096e+047	1.07096e+047
[ 5/2092 ]	2.88806e+047	9.81963e+046	2.35825e+046	1.44403e+047	1.44403e+047
[ 6/2092 ]	3.56549e+047	1.00586e+047	3.28425e+046	1.78274e+047	1.78274e+047
[ 7/2092 ]	4.10227e+047	9.49401e+046	4.12624e+046	2.05113e+047	2.05113e+047
[ 8/2092 ]	4.06837e+047	4.48058e+046	4.81956e+046	2.03418e+047	2.03418e+047
[ 9/2092 ]	4.01173e+047	4.2291e+046	4.7955e+046	2.00586e+047	2.00586e+047
[ 10/2092 ]	3.53754e+047	0	4.74186e+046	1.76877e+047	1.76877e+047
[ 11/2092 ]	3.12123e+047	0	4.16315e+046	1.56061e+047	1.56061e+047
[ 12/2092 ]	2.76256e+047	0	3.58664e+046	1.38128e+047	1.38128e+047
[ 1/2093 ]	2.45557e+047	0	3.06992e+046	1.22779e+047	1.22779e+047
[ 2/2093 ]	3.27732e+047	1.07269e+047	2.50941e+046	1.63866e+047	1.63866e+047
[ 3/2093 ]	4.2537e+047	1.3133e+047	3.36919e+046	2.12685e+047	2.12685e+047
[ 4/2093 ]	6.85798e+047	3.04706e+047	4.42773e+046	3.42899e+047	3.42899e+047
[ 5/2093 ]	9.24696e+047	3.14404e+047	7.55061e+046	4.62348e+047	4.62348e+047
[ 6/2093 ]	1.14159e+048	3.22054e+047	1.05155e+047	5.70797e+047	5.70797e+047
[ 7/2093 ]	1.31346e+048	3.03978e+047	1.32113e+047	6.5673e+047	6.5673e+047
[ 8/2093 ]	1.30261e+048	1.43459e+047	1.54312e+047	6.51303e+047	6.51303e+047
[ 9/2093 ]	1.28447e+048	1.35407e+047	1.53542e+047	6.42236e+047	6.42236e+047
[ 10/2093 ]	1.13265e+048	0	1.51824e+047	5.66323e+047	5.66323e+047
[ 11/2093 ]	9.99351e+047	0	1.33295e+047	4.99676e+047	4.99676e+047
[ 12/2093 ]	8.84515e+047	0	1.14837e+047	4.42257e+047	4.42257e+047
[ 1/2094 ]	7.86222e+047	0	9.82923e+046	3.93111e+047	3.93111e+047
[ 2/2094 ]	1.04933e+048	3.43451e+047	8.03462e+046	5.24664e+047	5.24664e+047
[ 3/2094 ]	1.36194e+048	4.20491e+047	1.07874e+047	6.80972e+047	6.80972e+047
[ 4/2094 ]	2.19578e+048	9.75603e+047	1.41767e+047	1.09789e+048	1.09789e+048
[ 5/2094 ]	2.96068e+048	1.00666e+048	2.41755e+047	1.48034e+048	1.48034e+048
[ 6/2094 ]	3.65515e+048	1.03115e+048	3.36684e+047	1.82757e+048	1.82757e+048
[ 7/2094 ]	4.20542e+048	9.73274e+047	4.22999e+047	2.10271e+048	2.10271e+048
[ 8/2094 ]	4.17067e+048	4.59324e+047	4.94075e+047	2.08533e+048	2.08533e+048
[ 9/2094 ]	4.11261e+048	4.33544e+047	4.91608e+047	2.0563e+048	2.0563e+048
[ 10/2094 ]	3.6265e+048	0	4.86109e+047	1.81325e+048	1.81325e+048
[ 11/2094 ]	3.19971e+048	0	4.26784e+047	1.59986e+048	1.59986e+048
[ 12/2094 ]	2.83203e+048	0	3.67683e+047	1.41601e+048	1.41601e+048
[ 1/2095 ]	2.51732e+048	0	3.14711e+047	1.25866e+048	1.25866e+048
[ 2/2095 ]	3.35973e+048	1.09966e+048	2.57252e+047	1.67986e+048	1.67986e+048
[ 3/2095 ]	4.36066e+048	1.34632e+048	3.45391e+047	2.18033e+048	2.18033e+048
[ 4/2095 ]	7.03043e+048	3.12368e+048	4.53907e+047	3.51521e+048	3.51521e+048
[ 5/2095 ]	9.47948e+048	3.2231e+048	7.74048e+047	4.73974e+048	4.73974e+048
[ 6/2095 ]	1.1703e+049	3.30152e+048	1.07799e+048	5.8515e+048	5.8515e+048
[ 7/2095 ]	1.34649e+049	3.11622e+048	1.35435e+048	6.73243e+048	6.73243e+048
[ 8/2095 ]	1.33536e+049	1.47066e+048	1.58192e+048	6.6768e+048	6.6768e+048
[ 9/2095 ]	1.31677e+049	1.38812e+048	1.57403e+048	6.58385e+048	6.58385e+048
[ 10/2095 ]	1.16113e+049	0	1.55642e+048	5.80564e+048	5.80564e+048
[ 11/2095 ]	1.02448e+049	0	1.36647e+048	5.1224e+048	5.1224e+048
[ 12/2095 ]	9.06756e+048	0	1.17724e+048	4.53378e+048	4.53378e+048
[ 1/2096 ]	8.05992e+048	0	1.00764e+048	4.02996e+048	4.02996e+048
[ 2/2096 ]	1.07571e+049	3.52087e+048	8.23665e+047	5.37857e+048	5.37857e+048
[ 3/2096 ]	1.39619e+049	4.31065e+048	1.10587e+048	6.98096e+048	6.98096e+048
[ 4/2096 ]	2.25099e+049	1.00014e+049	1.45331e+048	1.1255e+049	1.1255e+049
[ 5/2096 ]	3.03513e+049	1.03197e+049	2.47834e+048	1.51756e+049	1.51756e+049
[ 6/2096 ]	3.74706e+049	1.05708e+049	3.4515e+048	1.87353e+049	1.87353e+049
[ 7/2096 ]	4.31117e+049	9.97747e+048	4.33636e+048	2.15558e+049	2.15558e+049
[ 8/2096 ]	4.27554e+049	4.70874e+048	5.06499e+048	2.13777e+049	2.13777e+049
[ 9/2096 ]	4.21602e+049	4.44446e+048	5.0397e+048	2.10801e+049	2.10801e+049
[ 10/2096 ]	3.71769e+049	0	4.98333e+048	1.85884e+049	1.85884e+049
[ 11/2096 ]	3.28017e+049	0	4.37516e+048	1.64009e+049	1.64009e+049
[ 12/2096 ]	2.90324e+049	0	3.76928e+048	1.45162e+049	1.45162e+049
[ 1/2097 ]	2.58062e+049	0	3.22625e+048	1.29031e+049	1.29031e+049
[ 2/2097 ]	3.44421e+049	1.12731e+049	2.6372e+048	1.7221e+049	1.7221e+049
[ 3/2097 ]	4.47031e+049	1.38018e+049	3.54076e+048	2.23515e+049	2.23515e+049
[ 4/2097 ]	7.20721e+049	3.20222e+049	4.6532e+048	3.60361e+049	3.60361e+049
[ 5/2097 ]	9.71784e+049	3.30414e+049	7.93512e+048	4.85892e+049	4.85892e+049
[ 6/2097 ]	1.19973e+050	3.38454e+049	1.1051e+049	5.99864e+049	5.99864e+049
[ 7/2097 ]	1.38034e+050	3.19458e+049	1.38841e+049	6.90172e+049	6.90172e+049
[ 8/2097 ]	1.36894e+050	1.50764e+049	1.6217e+049	6.84469e+049	6.84469e+049
[ 9/2097 ]	1.34988e+050	1.42302e+049	1.61361e+049	6.7494e+049	6.7494e+049
[ 10/2097 ]	1.19032e+050	0	1.59556e+049	5.95162e+049	5.95162e+049
[ 11/2097 ]	1.05024e+050	0	1.40083e+049	5.25121e+049	5.25121e+049
[ 12/2097 ]	9.29557e+049	0	1.20684e+049	4.64778e+049	4.64778e+049
[ 1/2098 ]	8.26259e+049	0	1.03298e+049	4.1313e+049	4.1313e+049
[ 2/2098 ]	1.10276e+050	3.60941e+049	8.44377e+048	5.51381e+049	5.51381e+049
[ 3/2098 ]	1.4313e+050	4.41904e+049	1.13368e+049	7.15649e+049	7.15649e+049
[ 4/2098 ]	2.3076e+050	1.02528e+050	1.48986e+049	1.1538e+050	1.1538e+050
[ 5/2098 ]	3.11145e+050	1.05792e+050	2.54066e+049	1.55572e+050	1.55572e+050
[ 6/2098 ]	3.84128e+050	1.08366e+050	3.53829e+049	1.92064e+050	1.92064e+050
[ 7/2098 ]	4.41957e+050	1.02284e+050	4.4454e+049	2.20979e+050	2.20979e+050
[ 8/2098 ]	4.38305e+050	4.82714e+049	5.19235e+049	2.19153e+050	2.19153e+050
[ 9/2098 ]	4.32203e+050	4.55622e+049	5.16643e+049	2.16102e+050	2.16102e+050
[ 10/2098 ]	3.81117e+050	0	5.10864e+049	1.90558e+050	1.90558e+050
[ 11/2098 ]	3.36265e+050	0	4.48517e+049	1.68133e+050	1.68133e+050
[ 12/2098 ]	2.97625e+050	0	3.86406e+049	1.48812e+050	1.48812e+050
[ 1/2099 ]	2.64551e+050	0	3.30737e+049	1.32275e+050	1.32275e+050
[ 2/2099 ]	3.53081e+050	1.15566e+050	2.70352e+049	1.76541e+050	1.76541e+050
[ 3/2099 ]	4.58272e+050	1.41488e+050	3.62979e+049	2.29136e+050	2.29136e+050
[ 4/2099 ]	7.38844e+050	3.28274e+050	4.77021e+049	3.69422e+050	3.69422e+050
[ 5/2099 ]	9.9622e+050	3.38723e+050	8.13465e+049	4.9811e+050	4.9811e+050
[ 6/2099 ]	1.2299e+051	3.46964e+050	1.13288e+050	6.14948e+050	6.14948e+050
[ 7/2099 ]	1.41505e+051	3.27491e+050	1.42332e+050	7.07527e+050	7.07527e+050
[ 8/2099 ]	1.40336e+051	1.54555e+050	1.66248e+050	7.01681e+050	7.01681e+050
[ 9/2099 ]	1.38382e+051	1.4588e+050	1.65418e+050	6.91912e+050	6.91912e+050
[ 10/2099 ]	1.22026e+051	0	1.63568e+050	6.10128e+050	6.10128e+050
[ 11/2099 ]	1.07665e+051	0	1.43606e+050	5.38325e+050	5.38325e+050
[ 12/2099 ]	9.52931e+050	0	1.23719e+050	4.76466e+050	4.76466e+050

